  MPQ Archiver.cpp
  Processed /NODEFAULTLIB:StormLibDUD.lib
  Processed /NODEFAULTLIB:StormLibDUD.lib
  LINK : 0 new modules and 1 (out of 51) modules have changed since prior linking
  Searching libraries
      Searching D:\Windows Kits\10\lib\10.0.22000.0\um\x64\kernel32.lib:
      Searching D:\Windows Kits\10\lib\10.0.22000.0\um\x64\user32.lib:
      Searching D:\Windows Kits\10\lib\10.0.22000.0\um\x64\gdi32.lib:
      Searching D:\Windows Kits\10\lib\10.0.22000.0\um\x64\winspool.lib:
      Searching D:\Windows Kits\10\lib\10.0.22000.0\um\x64\comdlg32.lib:
      Searching D:\Windows Kits\10\lib\10.0.22000.0\um\x64\advapi32.lib:
      Searching D:\Windows Kits\10\lib\10.0.22000.0\um\x64\shell32.lib:
      Searching D:\Windows Kits\10\lib\10.0.22000.0\um\x64\ole32.lib:
      Searching D:\Windows Kits\10\lib\10.0.22000.0\um\x64\oleaut32.lib:
      Searching D:\Windows Kits\10\lib\10.0.22000.0\um\x64\uuid.lib:
      Searching D:\Windows Kits\10\lib\10.0.22000.0\um\x64\odbc32.lib:
      Searching D:\Windows Kits\10\lib\10.0.22000.0\um\x64\odbccp32.lib:
      Searching D:\Games\hidden\VS\source\repos\MPQ (Un)Packer\x64\Debug\StormLib.lib:
        Found SFileAddFileEx
          Referenced in MPQ Archiver.obj
          Loaded StormLib.lib(StormLib.dll)
  Finished searching libraries
  LINK : padding exhausted (3): performing full link
  Invoking LINK.EXE:
  Processed /NODEFAULTLIB:StormLibDUD.lib
  Processed /NODEFAULTLIB:StormLibDUD.lib
  
  Starting pass 1
   /ERRORREPORT:PROMPT @C:\Users\admin\AppData\Local\Temp\MSBuildTempadmin\tmp6bc8a969ca3e4783b8b43bf4ff65675b.rsp
   /nologo
   /incremental
   /fullbuild
  Processed /DEFAULTLIB:msvcprtd
  Processed /DEFAULTLIB:uuid.lib
  Processed /DEFAULTLIB:MSVCRTD
  Processed /DEFAULTLIB:OLDNAMES
  
  Searching libraries
      Searching D:\Windows Kits\10\lib\10.0.22000.0\um\x64\kernel32.lib:
        Found __imp_GetLastError
          Referenced in MPQ Archiver.obj
          Loaded kernel32.lib(KERNEL32.dll)
        Found __IMPORT_DESCRIPTOR_KERNEL32
          Referenced in kernel32.lib(KERNEL32.dll)
          Loaded kernel32.lib(KERNEL32.dll)
        Found __NULL_IMPORT_DESCRIPTOR
          Referenced in kernel32.lib(KERNEL32.dll)
          Loaded kernel32.lib(KERNEL32.dll)
        Found KERNEL32_NULL_THUNK_DATA
          Referenced in kernel32.lib(KERNEL32.dll)
          Loaded kernel32.lib(KERNEL32.dll)
      Searching D:\Windows Kits\10\lib\10.0.22000.0\um\x64\user32.lib:
      Searching D:\Windows Kits\10\lib\10.0.22000.0\um\x64\gdi32.lib:
      Searching D:\Windows Kits\10\lib\10.0.22000.0\um\x64\winspool.lib:
      Searching D:\Windows Kits\10\lib\10.0.22000.0\um\x64\comdlg32.lib:
      Searching D:\Windows Kits\10\lib\10.0.22000.0\um\x64\advapi32.lib:
      Searching D:\Windows Kits\10\lib\10.0.22000.0\um\x64\shell32.lib:
      Searching D:\Windows Kits\10\lib\10.0.22000.0\um\x64\ole32.lib:
      Searching D:\Windows Kits\10\lib\10.0.22000.0\um\x64\oleaut32.lib:
      Searching D:\Windows Kits\10\lib\10.0.22000.0\um\x64\uuid.lib:
      Searching D:\Windows Kits\10\lib\10.0.22000.0\um\x64\odbc32.lib:
      Searching D:\Windows Kits\10\lib\10.0.22000.0\um\x64\odbccp32.lib:
      Searching D:\Games\hidden\VS\source\repos\MPQ (Un)Packer\x64\Debug\StormLib.lib:
        Found SFileOpenArchive
          Referenced in MPQ Archiver.obj
          Loaded StormLib.lib(StormLib.dll)
        Found SFileCreateArchive
          Referenced in MPQ Archiver.obj
          Loaded StormLib.lib(StormLib.dll)
        Found SFileCloseArchive
          Referenced in MPQ Archiver.obj
          Loaded StormLib.lib(StormLib.dll)
        Found SFileCompactArchive
          Referenced in MPQ Archiver.obj
          Loaded StormLib.lib(StormLib.dll)
        Found SFileOpenFileEx
          Referenced in MPQ Archiver.obj
          Loaded StormLib.lib(StormLib.dll)
        Found SFileReadFile
          Referenced in MPQ Archiver.obj
          Loaded StormLib.lib(StormLib.dll)
        Found SFileCloseFile
          Referenced in MPQ Archiver.obj
          Loaded StormLib.lib(StormLib.dll)
        Found SFileFindFirstFile
          Referenced in MPQ Archiver.obj
          Loaded StormLib.lib(StormLib.dll)
        Found SFileFindNextFile
          Referenced in MPQ Archiver.obj
          Loaded StormLib.lib(StormLib.dll)
        Found SFileFindClose
          Referenced in MPQ Archiver.obj
          Loaded StormLib.lib(StormLib.dll)
        Found SFileAddFileEx
          Referenced in MPQ Archiver.obj
          Loaded StormLib.lib(StormLib.dll)
        Found __IMPORT_DESCRIPTOR_StormLib
          Referenced in StormLib.lib(StormLib.dll)
          Referenced in StormLib.lib(StormLib.dll)
          Referenced in StormLib.lib(StormLib.dll)
          Referenced in StormLib.lib(StormLib.dll)
          Referenced in StormLib.lib(StormLib.dll)
          Referenced in StormLib.lib(StormLib.dll)
          Referenced in StormLib.lib(StormLib.dll)
          Referenced in StormLib.lib(StormLib.dll)
          Referenced in StormLib.lib(StormLib.dll)
          Referenced in StormLib.lib(StormLib.dll)
          Referenced in StormLib.lib(StormLib.dll)
          Loaded StormLib.lib(StormLib.dll)
        Found StormLib_NULL_THUNK_DATA
          Referenced in StormLib.lib(StormLib.dll)
          Loaded StormLib.lib(StormLib.dll)
      Searching D:\hidden\Programs\Microsoft Visual Studio\2022\VC\Tools\MSVC\14.34.31933\lib\x64\msvcprtd.lib:
        Found "__declspec(dllimport) public: __cdecl std::_Lockit::_Lockit(int)" (__imp_??0_Lockit@std@@QEAA@H@Z)
          Referenced in MPQ Archiver.obj
          Loaded msvcprtd.lib(MSVCP140D.dll)
        Found "__declspec(dllimport) public: __cdecl std::_Lockit::~_Lockit(void)" (__imp_??1_Lockit@std@@QEAA@XZ)
          Referenced in MPQ Archiver.obj
          Loaded msvcprtd.lib(MSVCP140D.dll)
        Found "int __cdecl std::uncaught_exceptions(void)" (?uncaught_exceptions@std@@YAHXZ)
          Referenced in MPQ Archiver.obj
          Loaded msvcprtd.lib(MSVCP140D.dll)
        Found "void __cdecl std::_Xbad_alloc(void)" (?_Xbad_alloc@std@@YAXXZ)
          Referenced in MPQ Archiver.obj
          Loaded msvcprtd.lib(MSVCP140D.dll)
        Found "void __cdecl std::_Xlength_error(char const *)" (?_Xlength_error@std@@YAXPEBD@Z)
          Referenced in MPQ Archiver.obj
          Loaded msvcprtd.lib(MSVCP140D.dll)
        Found "void __cdecl std::_Xout_of_range(char const *)" (?_Xout_of_range@std@@YAXPEBD@Z)
          Referenced in MPQ Archiver.obj
          Loaded msvcprtd.lib(MSVCP140D.dll)
        Found __std_system_error_allocate_message
          Referenced in MPQ Archiver.obj
          Loaded msvcprtd.lib(syserror_import_lib.obj)
        Found "char const * __cdecl std::_Syserror_map(int)" (?_Syserror_map@std@@YAPEBDH@Z)
          Referenced in MPQ Archiver.obj
          Loaded msvcprtd.lib(MSVCP140D.dll)
        Found "int __cdecl std::_Winerror_map(int)" (?_Winerror_map@std@@YAHH@Z)
          Referenced in MPQ Archiver.obj
          Loaded msvcprtd.lib(MSVCP140D.dll)
        Found __std_fs_get_full_path_name
          Referenced in MPQ Archiver.obj
          Loaded msvcprtd.lib(filesystem.obj)
        Found "void __cdecl std::_Facet_Register(class std::_Facet_base *)" (?_Facet_Register@std@@YAXPEAV_Facet_base@1@@Z)
          Referenced in MPQ Archiver.obj
          Loaded msvcprtd.lib(locale0_implib.obj)
        Found _Mbrtowc
          Referenced in MPQ Archiver.obj
          Loaded msvcprtd.lib(MSVCP140D.dll)
        Found "__declspec(dllimport) public: struct _Cvtvec __cdecl std::_Locinfo::_Getcvt(void)const " (__imp_?_Getcvt@_Locinfo@std@@QEBA?AU_Cvtvec@@XZ)
          Referenced in MPQ Archiver.obj
          Loaded msvcprtd.lib(MSVCP140D.dll)
        Found "__declspec(dllimport) public: char const * __cdecl std::_Locinfo::_Getdays(void)const " (__imp_?_Getdays@_Locinfo@std@@QEBAPEBDXZ)
          Referenced in MPQ Archiver.obj
          Loaded msvcprtd.lib(MSVCP140D.dll)
        Found "__declspec(dllimport) public: char const * __cdecl std::_Locinfo::_Getmonths(void)const " (__imp_?_Getmonths@_Locinfo@std@@QEBAPEBDXZ)
          Referenced in MPQ Archiver.obj
          Loaded msvcprtd.lib(MSVCP140D.dll)
        Found "__declspec(dllimport) public: unsigned short const * __cdecl std::_Locinfo::_W_Getdays(void)const " (__imp_?_W_Getdays@_Locinfo@std@@QEBAPEBGXZ)
          Referenced in MPQ Archiver.obj
          Loaded msvcprtd.lib(MSVCP140D.dll)
        Found "__declspec(dllimport) public: unsigned short const * __cdecl std::_Locinfo::_W_Getmonths(void)const " (__imp_?_W_Getmonths@_Locinfo@std@@QEBAPEBGXZ)
          Referenced in MPQ Archiver.obj
          Loaded msvcprtd.lib(MSVCP140D.dll)
        Found "__declspec(dllimport) public: class std::_Yarn<char> & __cdecl std::_Yarn<char>::operator=(char const *)" (__imp_??4?$_Yarn@D@std@@QEAAAEAV01@PEBD@Z)
          Referenced in MPQ Archiver.obj
          Loaded msvcprtd.lib(MSVCP140D.dll)
        Found "__declspec(dllimport) public: static void * __cdecl std::_Crt_new_delete::operator new(unsigned __int64)" (__imp_??2_Crt_new_delete@std@@SAPEAX_K@Z)
          Referenced in MPQ Archiver.obj
          Loaded msvcprtd.lib(MSVCP140D.dll)
        Found "__declspec(dllimport) public: static void __cdecl std::_Crt_new_delete::operator delete(void *)" (__imp_??3_Crt_new_delete@std@@SAXPEAX@Z)
          Referenced in MPQ Archiver.obj
          Loaded msvcprtd.lib(MSVCP140D.dll)
        Found "__declspec(dllimport) public: __cdecl std::locale::id::operator unsigned __int64(void)" (__imp_??Bid@locale@std@@QEAA_KXZ)
          Referenced in MPQ Archiver.obj
          Loaded msvcprtd.lib(MSVCP140D.dll)
        Found "__declspec(dllimport) private: static class std::locale::_Locimp * __cdecl std::locale::_Locimp::_New_Locimp(class std::locale::_Locimp const &)" (__imp_?_New_Locimp@_Locimp@locale@std@@CAPEAV123@AEBV123@@Z)
          Referenced in MPQ Archiver.obj
          Loaded msvcprtd.lib(MSVCP140D.dll)
        Found "__declspec(dllimport) private: void __cdecl std::locale::_Locimp::_Addfac(class std::locale::facet *,unsigned __int64)" (__imp_?_Addfac@_Locimp@locale@std@@AEAAXPEAVfacet@23@_K@Z)
          Referenced in MPQ Archiver.obj
          Loaded msvcprtd.lib(MSVCP140D.dll)
        Found "private: static class std::locale::_Locimp * __cdecl std::locale::_Init(bool)" (?_Init@locale@std@@CAPEAV_Locimp@12@_N@Z)
          Referenced in MPQ Archiver.obj
          Loaded msvcprtd.lib(MSVCP140D.dll)
        Found "private: static class std::locale::_Locimp * __cdecl std::locale::_Getgloballocale(void)" (?_Getgloballocale@locale@std@@CAPEAV_Locimp@12@XZ)
          Referenced in MPQ Archiver.obj
          Loaded msvcprtd.lib(MSVCP140D.dll)
        Found "__declspec(dllimport) public: bool __cdecl std::codecvt_base::always_noconv(void)const " (__imp_?always_noconv@codecvt_base@std@@QEBA_NXZ)
          Referenced in MPQ Archiver.obj
          Loaded msvcprtd.lib(MSVCP140D.dll)
        Found "__declspec(dllimport) public: int __cdecl std::codecvt<wchar_t,char,struct _Mbstatet>::in(struct _Mbstatet &,char const *,char const *,char const * &,wchar_t *,wchar_t *,wchar_t * &)const " (__imp_?in@?$codecvt@_WDU_Mbstatet@@@std@@QEBAHAEAU_Mbstatet@@PEBD1AEAPEBDPEA_W3AEAPEA_W@Z)
          Referenced in MPQ Archiver.obj
          Loaded msvcprtd.lib(MSVCP140D.dll)
        Found "__declspec(dllimport) public: __cdecl std::codecvt<wchar_t,char,struct _Mbstatet>::codecvt<wchar_t,char,struct _Mbstatet>(unsigned __int64)" (__imp_??0?$codecvt@_WDU_Mbstatet@@@std@@QEAA@_K@Z)
          Referenced in MPQ Archiver.obj
          Loaded msvcprtd.lib(MSVCP140D.dll)
        Found "__declspec(dllimport) protected: virtual __cdecl std::codecvt<wchar_t,char,struct _Mbstatet>::~codecvt<wchar_t,char,struct _Mbstatet>(void)" (__imp_??1?$codecvt@_WDU_Mbstatet@@@std@@MEAA@XZ)
          Referenced in MPQ Archiver.obj
          Loaded msvcprtd.lib(MSVCP140D.dll)
        Found "__declspec(dllimport) public: int __cdecl std::codecvt<char,char,struct _Mbstatet>::in(struct _Mbstatet &,char const *,char const *,char const * &,char *,char *,char * &)const " (__imp_?in@?$codecvt@DDU_Mbstatet@@@std@@QEBAHAEAU_Mbstatet@@PEBD1AEAPEBDPEAD3AEAPEAD@Z)
          Referenced in MPQ Archiver.obj
          Loaded msvcprtd.lib(MSVCP140D.dll)
        Found "__declspec(dllimport) public: int __cdecl std::codecvt<char,char,struct _Mbstatet>::out(struct _Mbstatet &,char const *,char const *,char const * &,char *,char *,char * &)const " (__imp_?out@?$codecvt@DDU_Mbstatet@@@std@@QEBAHAEAU_Mbstatet@@PEBD1AEAPEBDPEAD3AEAPEAD@Z)
          Referenced in MPQ Archiver.obj
          Loaded msvcprtd.lib(MSVCP140D.dll)
        Found "__declspec(dllimport) public: int __cdecl std::codecvt<char,char,struct _Mbstatet>::unshift(struct _Mbstatet &,char *,char *,char * &)const " (__imp_?unshift@?$codecvt@DDU_Mbstatet@@@std@@QEBAHAEAU_Mbstatet@@PEAD1AEAPEAD@Z)
          Referenced in MPQ Archiver.obj
          Loaded msvcprtd.lib(MSVCP140D.dll)
        Found "__declspec(dllimport) public: static unsigned __int64 __cdecl std::codecvt<char,char,struct _Mbstatet>::_Getcat(class std::locale::facet const * *,class std::locale const *)" (__imp_?_Getcat@?$codecvt@DDU_Mbstatet@@@std@@SA_KPEAPEBVfacet@locale@2@PEBV42@@Z)
          Referenced in MPQ Archiver.obj
          Loaded msvcprtd.lib(MSVCP140D.dll)
        Found "__declspec(dllimport) public: bool __cdecl std::ios_base::good(void)const " (__imp_?good@ios_base@std@@QEBA_NXZ)
          Referenced in MPQ Archiver.obj
          Loaded msvcprtd.lib(MSVCP140D.dll)
        Found "__declspec(dllimport) public: int __cdecl std::ios_base::flags(void)const " (__imp_?flags@ios_base@std@@QEBAHXZ)
          Referenced in MPQ Archiver.obj
          Loaded msvcprtd.lib(MSVCP140D.dll)
        Found "__declspec(dllimport) public: __int64 __cdecl std::ios_base::width(void)const " (__imp_?width@ios_base@std@@QEBA_JXZ)
          Referenced in MPQ Archiver.obj
          Loaded msvcprtd.lib(MSVCP140D.dll)
        Found "__declspec(dllimport) public: __int64 __cdecl std::ios_base::width(__int64)" (__imp_?width@ios_base@std@@QEAA_J_J@Z)
          Referenced in MPQ Archiver.obj
          Loaded msvcprtd.lib(MSVCP140D.dll)
        Found "__declspec(dllimport) protected: __cdecl std::basic_streambuf<char,struct std::char_traits<char> >::basic_streambuf<char,struct std::char_traits<char> >(void)" (__imp_??0?$basic_streambuf@DU?$char_traits@D@std@@@std@@IEAA@XZ)
          Referenced in MPQ Archiver.obj
          Loaded msvcprtd.lib(MSVCP140D.dll)
        Found "__declspec(dllimport) public: virtual __cdecl std::basic_streambuf<char,struct std::char_traits<char> >::~basic_streambuf<char,struct std::char_traits<char> >(void)" (__imp_??1?$basic_streambuf@DU?$char_traits@D@std@@@std@@UEAA@XZ)
          Referenced in MPQ Archiver.obj
          Loaded msvcprtd.lib(MSVCP140D.dll)
        Found "__declspec(dllimport) public: class std::locale __cdecl std::basic_streambuf<char,struct std::char_traits<char> >::getloc(void)const " (__imp_?getloc@?$basic_streambuf@DU?$char_traits@D@std@@@std@@QEBA?AVlocale@2@XZ)
          Referenced in MPQ Archiver.obj
          Loaded msvcprtd.lib(MSVCP140D.dll)
        Found "__declspec(dllimport) public: int __cdecl std::basic_streambuf<char,struct std::char_traits<char> >::sputc(char)" (__imp_?sputc@?$basic_streambuf@DU?$char_traits@D@std@@@std@@QEAAHD@Z)
          Referenced in MPQ Archiver.obj
          Loaded msvcprtd.lib(MSVCP140D.dll)
        Found "__declspec(dllimport) public: __int64 __cdecl std::basic_streambuf<char,struct std::char_traits<char> >::sputn(char const *,__int64)" (__imp_?sputn@?$basic_streambuf@DU?$char_traits@D@std@@@std@@QEAA_JPEBD_J@Z)
          Referenced in MPQ Archiver.obj
          Loaded msvcprtd.lib(MSVCP140D.dll)
        Found "__declspec(dllimport) protected: char * __cdecl std::basic_streambuf<char,struct std::char_traits<char> >::eback(void)const " (__imp_?eback@?$basic_streambuf@DU?$char_traits@D@std@@@std@@IEBAPEADXZ)
          Referenced in MPQ Archiver.obj
          Loaded msvcprtd.lib(MSVCP140D.dll)
        Found "__declspec(dllimport) protected: char * __cdecl std::basic_streambuf<char,struct std::char_traits<char> >::gptr(void)const " (__imp_?gptr@?$basic_streambuf@DU?$char_traits@D@std@@@std@@IEBAPEADXZ)
          Referenced in MPQ Archiver.obj
          Loaded msvcprtd.lib(MSVCP140D.dll)
        Found "__declspec(dllimport) protected: char * __cdecl std::basic_streambuf<char,struct std::char_traits<char> >::pptr(void)const " (__imp_?pptr@?$basic_streambuf@DU?$char_traits@D@std@@@std@@IEBAPEADXZ)
          Referenced in MPQ Archiver.obj
          Loaded msvcprtd.lib(MSVCP140D.dll)
        Found "__declspec(dllimport) protected: char * __cdecl std::basic_streambuf<char,struct std::char_traits<char> >::egptr(void)const " (__imp_?egptr@?$basic_streambuf@DU?$char_traits@D@std@@@std@@IEBAPEADXZ)
          Referenced in MPQ Archiver.obj
          Loaded msvcprtd.lib(MSVCP140D.dll)
        Found "__declspec(dllimport) protected: void __cdecl std::basic_streambuf<char,struct std::char_traits<char> >::gbump(int)" (__imp_?gbump@?$basic_streambuf@DU?$char_traits@D@std@@@std@@IEAAXH@Z)
          Referenced in MPQ Archiver.obj
          Loaded msvcprtd.lib(MSVCP140D.dll)
        Found "__declspec(dllimport) protected: void __cdecl std::basic_streambuf<char,struct std::char_traits<char> >::setg(char *,char *,char *)" (__imp_?setg@?$basic_streambuf@DU?$char_traits@D@std@@@std@@IEAAXPEAD00@Z)
          Referenced in MPQ Archiver.obj
          Loaded msvcprtd.lib(MSVCP140D.dll)
        Found "__declspec(dllimport) protected: char * __cdecl std::basic_streambuf<char,struct std::char_traits<char> >::epptr(void)const " (__imp_?epptr@?$basic_streambuf@DU?$char_traits@D@std@@@std@@IEBAPEADXZ)
          Referenced in MPQ Archiver.obj
          Loaded msvcprtd.lib(MSVCP140D.dll)
        Found "__declspec(dllimport) protected: char * __cdecl std::basic_streambuf<char,struct std::char_traits<char> >::_Gndec(void)" (__imp_?_Gndec@?$basic_streambuf@DU?$char_traits@D@std@@@std@@IEAAPEADXZ)
          Referenced in MPQ Archiver.obj
          Loaded msvcprtd.lib(MSVCP140D.dll)
        Found "__declspec(dllimport) protected: char * __cdecl std::basic_streambuf<char,struct std::char_traits<char> >::_Gninc(void)" (__imp_?_Gninc@?$basic_streambuf@DU?$char_traits@D@std@@@std@@IEAAPEADXZ)
          Referenced in MPQ Archiver.obj
          Loaded msvcprtd.lib(MSVCP140D.dll)
        Found "__declspec(dllimport) protected: __int64 __cdecl std::basic_streambuf<char,struct std::char_traits<char> >::_Gnavail(void)const " (__imp_?_Gnavail@?$basic_streambuf@DU?$char_traits@D@std@@@std@@IEBA_JXZ)
          Referenced in MPQ Archiver.obj
          Loaded msvcprtd.lib(MSVCP140D.dll)
        Found "__declspec(dllimport) protected: void __cdecl std::basic_streambuf<char,struct std::char_traits<char> >::pbump(int)" (__imp_?pbump@?$basic_streambuf@DU?$char_traits@D@std@@@std@@IEAAXH@Z)
          Referenced in MPQ Archiver.obj
          Loaded msvcprtd.lib(MSVCP140D.dll)
        Found "__declspec(dllimport) protected: char * __cdecl std::basic_streambuf<char,struct std::char_traits<char> >::_Pninc(void)" (__imp_?_Pninc@?$basic_streambuf@DU?$char_traits@D@std@@@std@@IEAAPEADXZ)
          Referenced in MPQ Archiver.obj
          Loaded msvcprtd.lib(MSVCP140D.dll)
        Found "__declspec(dllimport) protected: __int64 __cdecl std::basic_streambuf<char,struct std::char_traits<char> >::_Pnavail(void)const " (__imp_?_Pnavail@?$basic_streambuf@DU?$char_traits@D@std@@@std@@IEBA_JXZ)
          Referenced in MPQ Archiver.obj
          Loaded msvcprtd.lib(MSVCP140D.dll)
        Found "__declspec(dllimport) protected: void __cdecl std::basic_streambuf<char,struct std::char_traits<char> >::_Init(void)" (__imp_?_Init@?$basic_streambuf@DU?$char_traits@D@std@@@std@@IEAAXXZ)
          Referenced in MPQ Archiver.obj
          Loaded msvcprtd.lib(MSVCP140D.dll)
        Found "__declspec(dllimport) protected: void __cdecl std::basic_streambuf<char,struct std::char_traits<char> >::_Init(char * *,char * *,int *,char * *,char * *,int *)" (__imp_?_Init@?$basic_streambuf@DU?$char_traits@D@std@@@std@@IEAAXPEAPEAD0PEAH001@Z)
          Referenced in MPQ Archiver.obj
          Loaded msvcprtd.lib(MSVCP140D.dll)
        Found "__declspec(dllimport) protected: virtual __int64 __cdecl std::basic_streambuf<char,struct std::char_traits<char> >::xsgetn(char *,__int64)" (__imp_?xsgetn@?$basic_streambuf@DU?$char_traits@D@std@@@std@@MEAA_JPEAD_J@Z)
          Referenced in MPQ Archiver.obj
          Loaded msvcprtd.lib(MSVCP140D.dll)
        Found "__declspec(dllimport) protected: virtual __int64 __cdecl std::basic_streambuf<char,struct std::char_traits<char> >::xsputn(char const *,__int64)" (__imp_?xsputn@?$basic_streambuf@DU?$char_traits@D@std@@@std@@MEAA_JPEBD_J@Z)
          Referenced in MPQ Archiver.obj
          Loaded msvcprtd.lib(MSVCP140D.dll)
        Found "__declspec(dllimport) public: virtual __cdecl std::basic_ios<char,struct std::char_traits<char> >::~basic_ios<char,struct std::char_traits<char> >(void)" (__imp_??1?$basic_ios@DU?$char_traits@D@std@@@std@@UEAA@XZ)
          Referenced in MPQ Archiver.obj
          Loaded msvcprtd.lib(MSVCP140D.dll)
        Found "__declspec(dllimport) public: void __cdecl std::basic_ios<char,struct std::char_traits<char> >::setstate(int,bool)" (__imp_?setstate@?$basic_ios@DU?$char_traits@D@std@@@std@@QEAAXH_N@Z)
          Referenced in MPQ Archiver.obj
          Loaded msvcprtd.lib(MSVCP140D.dll)
        Found "__declspec(dllimport) public: class std::basic_ostream<char,struct std::char_traits<char> > * __cdecl std::basic_ios<char,struct std::char_traits<char> >::tie(void)const " (__imp_?tie@?$basic_ios@DU?$char_traits@D@std@@@std@@QEBAPEAV?$basic_ostream@DU?$char_traits@D@std@@@2@XZ)
          Referenced in MPQ Archiver.obj
          Loaded msvcprtd.lib(MSVCP140D.dll)
        Found "__declspec(dllimport) public: class std::basic_streambuf<char,struct std::char_traits<char> > * __cdecl std::basic_ios<char,struct std::char_traits<char> >::rdbuf(void)const " (__imp_?rdbuf@?$basic_ios@DU?$char_traits@D@std@@@std@@QEBAPEAV?$basic_streambuf@DU?$char_traits@D@std@@@2@XZ)
          Referenced in MPQ Archiver.obj
          Loaded msvcprtd.lib(MSVCP140D.dll)
        Found "__declspec(dllimport) public: char __cdecl std::basic_ios<char,struct std::char_traits<char> >::fill(void)const " (__imp_?fill@?$basic_ios@DU?$char_traits@D@std@@@std@@QEBADXZ)
          Referenced in MPQ Archiver.obj
          Loaded msvcprtd.lib(MSVCP140D.dll)
        Found "__declspec(dllimport) public: char __cdecl std::basic_ios<char,struct std::char_traits<char> >::widen(char)const " (__imp_?widen@?$basic_ios@DU?$char_traits@D@std@@@std@@QEBADD@Z)
          Referenced in MPQ Archiver.obj
          Loaded msvcprtd.lib(MSVCP140D.dll)
        Found "__declspec(dllimport) protected: __cdecl std::basic_ios<char,struct std::char_traits<char> >::basic_ios<char,struct std::char_traits<char> >(void)" (__imp_??0?$basic_ios@DU?$char_traits@D@std@@@std@@IEAA@XZ)
          Referenced in MPQ Archiver.obj
          Loaded msvcprtd.lib(MSVCP140D.dll)
        Found "__declspec(dllimport) public: __cdecl std::basic_ostream<char,struct std::char_traits<char> >::basic_ostream<char,struct std::char_traits<char> >(class std::basic_streambuf<char,struct std::char_traits<char> > *,bool)" (__imp_??0?$basic_ostream@DU?$char_traits@D@std@@@std@@QEAA@PEAV?$basic_streambuf@DU?$char_traits@D@std@@@1@_N@Z)
          Referenced in MPQ Archiver.obj
          Loaded msvcprtd.lib(MSVCP140D.dll)
        Found "__declspec(dllimport) public: virtual __cdecl std::basic_ostream<char,struct std::char_traits<char> >::~basic_ostream<char,struct std::char_traits<char> >(void)" (__imp_??1?$basic_ostream@DU?$char_traits@D@std@@@std@@UEAA@XZ)
          Referenced in MPQ Archiver.obj
          Loaded msvcprtd.lib(MSVCP140D.dll)
        Found "__declspec(dllimport) public: void __cdecl std::basic_ostream<char,struct std::char_traits<char> >::_Osfx(void)" (__imp_?_Osfx@?$basic_ostream@DU?$char_traits@D@std@@@std@@QEAAXXZ)
          Referenced in MPQ Archiver.obj
          Loaded msvcprtd.lib(MSVCP140D.dll)
        Found "__declspec(dllimport) public: class std::basic_ostream<char,struct std::char_traits<char> > & __cdecl std::basic_ostream<char,struct std::char_traits<char> >::operator<<(class std::basic_ostream<char,struct std::char_traits<char> > & (__cdecl*)(class std::basic_ostream<char,struct std::char_traits<char> > &))" (__imp_??6?$basic_ostream@DU?$char_traits@D@std@@@std@@QEAAAEAV01@P6AAEAV01@AEAV01@@Z@Z)
          Referenced in MPQ Archiver.obj
          Loaded msvcprtd.lib(MSVCP140D.dll)
        Found "__declspec(dllimport) public: class std::basic_ostream<char,struct std::char_traits<char> > & __cdecl std::basic_ostream<char,struct std::char_traits<char> >::operator<<(unsigned long)" (__imp_??6?$basic_ostream@DU?$char_traits@D@std@@@std@@QEAAAEAV01@K@Z)
          Referenced in MPQ Archiver.obj
          Loaded msvcprtd.lib(MSVCP140D.dll)
        Found "__declspec(dllimport) public: class std::basic_ostream<char,struct std::char_traits<char> > & __cdecl std::basic_ostream<char,struct std::char_traits<char> >::put(char)" (__imp_?put@?$basic_ostream@DU?$char_traits@D@std@@@std@@QEAAAEAV12@D@Z)
          Referenced in MPQ Archiver.obj
          Loaded msvcprtd.lib(MSVCP140D.dll)
        Found "__declspec(dllimport) public: class std::basic_ostream<char,struct std::char_traits<char> > & __cdecl std::basic_ostream<char,struct std::char_traits<char> >::write(char const *,__int64)" (__imp_?write@?$basic_ostream@DU?$char_traits@D@std@@@std@@QEAAAEAV12@PEBD_J@Z)
          Referenced in MPQ Archiver.obj
          Loaded msvcprtd.lib(MSVCP140D.dll)
        Found "__declspec(dllimport) public: class std::basic_ostream<char,struct std::char_traits<char> > & __cdecl std::basic_ostream<char,struct std::char_traits<char> >::flush(void)" (__imp_?flush@?$basic_ostream@DU?$char_traits@D@std@@@std@@QEAAAEAV12@XZ)
          Referenced in MPQ Archiver.obj
          Loaded msvcprtd.lib(MSVCP140D.dll)
        Found "struct _iobuf * __cdecl std::_Fiopen(wchar_t const *,int,int)" (?_Fiopen@std@@YAPEAU_iobuf@@PEB_WHH@Z)
          Referenced in MPQ Archiver.obj
          Loaded msvcprtd.lib(MSVCP140D.dll)
        Found "public: virtual void __cdecl std::locale::facet::_Incref(void)" (?_Incref@facet@locale@std@@UEAAXXZ)
          Referenced in MPQ Archiver.obj
          Loaded msvcprtd.lib(MSVCP140D.dll)
        Found "public: virtual class std::_Facet_base * __cdecl std::locale::facet::_Decref(void)" (?_Decref@facet@locale@std@@UEAAPEAV_Facet_base@3@XZ)
          Referenced in MPQ Archiver.obj
          Loaded msvcprtd.lib(MSVCP140D.dll)
        Found "protected: virtual int __cdecl std::codecvt<wchar_t,char,struct _Mbstatet>::do_in(struct _Mbstatet &,char const *,char const *,char const * &,wchar_t *,wchar_t *,wchar_t * &)const " (?do_in@?$codecvt@_WDU_Mbstatet@@@std@@MEBAHAEAU_Mbstatet@@PEBD1AEAPEBDPEA_W3AEAPEA_W@Z)
          Referenced in MPQ Archiver.obj
          Loaded msvcprtd.lib(MSVCP140D.dll)
        Found "protected: virtual int __cdecl std::codecvt<wchar_t,char,struct _Mbstatet>::do_out(struct _Mbstatet &,wchar_t const *,wchar_t const *,wchar_t const * &,char *,char *,char * &)const " (?do_out@?$codecvt@_WDU_Mbstatet@@@std@@MEBAHAEAU_Mbstatet@@PEB_W1AEAPEB_WPEAD3AEAPEAD@Z)
          Referenced in MPQ Archiver.obj
          Loaded msvcprtd.lib(MSVCP140D.dll)
        Found "protected: virtual int __cdecl std::codecvt<wchar_t,char,struct _Mbstatet>::do_unshift(struct _Mbstatet &,char *,char *,char * &)const " (?do_unshift@?$codecvt@_WDU_Mbstatet@@@std@@MEBAHAEAU_Mbstatet@@PEAD1AEAPEAD@Z)
          Referenced in MPQ Archiver.obj
          Loaded msvcprtd.lib(MSVCP140D.dll)
        Found "protected: virtual int __cdecl std::codecvt<wchar_t,char,struct _Mbstatet>::do_length(struct _Mbstatet &,char const *,char const *,unsigned __int64)const " (?do_length@?$codecvt@_WDU_Mbstatet@@@std@@MEBAHAEAU_Mbstatet@@PEBD1_K@Z)
          Referenced in MPQ Archiver.obj
          Loaded msvcprtd.lib(MSVCP140D.dll)
        Found "protected: virtual bool __cdecl std::codecvt<wchar_t,char,struct _Mbstatet>::do_always_noconv(void)const " (?do_always_noconv@?$codecvt@_WDU_Mbstatet@@@std@@MEBA_NXZ)
          Referenced in MPQ Archiver.obj
          Loaded msvcprtd.lib(MSVCP140D.dll)
        Found "protected: virtual int __cdecl std::codecvt<wchar_t,char,struct _Mbstatet>::do_max_length(void)const " (?do_max_length@?$codecvt@_WDU_Mbstatet@@@std@@MEBAHXZ)
          Referenced in MPQ Archiver.obj
          Loaded msvcprtd.lib(MSVCP140D.dll)
        Found "protected: virtual int __cdecl std::codecvt<wchar_t,char,struct _Mbstatet>::do_encoding(void)const " (?do_encoding@?$codecvt@_WDU_Mbstatet@@@std@@MEBAHXZ)
          Referenced in MPQ Archiver.obj
          Loaded msvcprtd.lib(MSVCP140D.dll)
        Found "protected: virtual __int64 __cdecl std::basic_streambuf<char,struct std::char_traits<char> >::showmanyc(void)" (?showmanyc@?$basic_streambuf@DU?$char_traits@D@std@@@std@@MEAA_JXZ)
          Referenced in MPQ Archiver.obj
          Loaded msvcprtd.lib(MSVCP140D.dll)
        Found "__declspec(dllimport) public: static class std::locale::id std::codecvt<wchar_t,char,struct _Mbstatet>::id" (__imp_?id@?$codecvt@_WDU_Mbstatet@@@std@@2V0locale@2@A)
          Referenced in MPQ Archiver.obj
          Loaded msvcprtd.lib(MSVCP140D.dll)
        Found "__declspec(dllimport) public: static class std::locale::id std::codecvt<char,char,struct _Mbstatet>::id" (__imp_?id@?$codecvt@DDU_Mbstatet@@@std@@2V0locale@2@A)
          Referenced in MPQ Archiver.obj
          Loaded msvcprtd.lib(MSVCP140D.dll)
        Found "__declspec(dllimport) class std::basic_ostream<char,struct std::char_traits<char> > std::cout" (__imp_?cout@std@@3V?$basic_ostream@DU?$char_traits@D@std@@@1@A)
          Referenced in MPQ Archiver.obj
          Loaded msvcprtd.lib(MSVCP140D.dll)
        Found "__declspec(dllimport) class std::basic_ostream<char,struct std::char_traits<char> > std::cerr" (__imp_?cerr@std@@3V?$basic_ostream@DU?$char_traits@D@std@@@1@A)
          Referenced in MPQ Archiver.obj
          Loaded msvcprtd.lib(MSVCP140D.dll)
        Found __IMPORT_DESCRIPTOR_MSVCP140D
          Referenced in msvcprtd.lib(MSVCP140D.dll)
          Referenced in msvcprtd.lib(MSVCP140D.dll)
          Referenced in msvcprtd.lib(MSVCP140D.dll)
          Referenced in msvcprtd.lib(MSVCP140D.dll)
          Referenced in msvcprtd.lib(MSVCP140D.dll)
          Referenced in msvcprtd.lib(MSVCP140D.dll)
          Referenced in msvcprtd.lib(MSVCP140D.dll)
          Referenced in msvcprtd.lib(MSVCP140D.dll)
          Referenced in msvcprtd.lib(MSVCP140D.dll)
          Referenced in msvcprtd.lib(MSVCP140D.dll)
          Referenced in msvcprtd.lib(MSVCP140D.dll)
          Referenced in msvcprtd.lib(MSVCP140D.dll)
          Referenced in msvcprtd.lib(MSVCP140D.dll)
          Referenced in msvcprtd.lib(MSVCP140D.dll)
          Referenced in msvcprtd.lib(MSVCP140D.dll)
          Referenced in msvcprtd.lib(MSVCP140D.dll)
          Referenced in msvcprtd.lib(MSVCP140D.dll)
          Referenced in msvcprtd.lib(MSVCP140D.dll)
          Referenced in msvcprtd.lib(MSVCP140D.dll)
          Referenced in msvcprtd.lib(MSVCP140D.dll)
          Referenced in msvcprtd.lib(MSVCP140D.dll)
          Referenced in msvcprtd.lib(MSVCP140D.dll)
          Referenced in msvcprtd.lib(MSVCP140D.dll)
          Referenced in msvcprtd.lib(MSVCP140D.dll)
          Referenced in msvcprtd.lib(MSVCP140D.dll)
          Referenced in msvcprtd.lib(MSVCP140D.dll)
          Referenced in msvcprtd.lib(MSVCP140D.dll)
          Referenced in msvcprtd.lib(MSVCP140D.dll)
          Referenced in msvcprtd.lib(MSVCP140D.dll)
          Referenced in msvcprtd.lib(MSVCP140D.dll)
          Referenced in msvcprtd.lib(MSVCP140D.dll)
          Referenced in msvcprtd.lib(MSVCP140D.dll)
          Referenced in msvcprtd.lib(MSVCP140D.dll)
          Referenced in msvcprtd.lib(MSVCP140D.dll)
          Referenced in msvcprtd.lib(MSVCP140D.dll)
          Referenced in msvcprtd.lib(MSVCP140D.dll)
          Referenced in msvcprtd.lib(MSVCP140D.dll)
          Referenced in msvcprtd.lib(MSVCP140D.dll)
          Referenced in msvcprtd.lib(MSVCP140D.dll)
          Referenced in msvcprtd.lib(MSVCP140D.dll)
          Referenced in msvcprtd.lib(MSVCP140D.dll)
          Referenced in msvcprtd.lib(MSVCP140D.dll)
          Referenced in msvcprtd.lib(MSVCP140D.dll)
          Referenced in msvcprtd.lib(MSVCP140D.dll)
          Referenced in msvcprtd.lib(MSVCP140D.dll)
          Referenced in msvcprtd.lib(MSVCP140D.dll)
          Referenced in msvcprtd.lib(MSVCP140D.dll)
          Referenced in msvcprtd.lib(MSVCP140D.dll)
          Referenced in msvcprtd.lib(MSVCP140D.dll)
          Referenced in msvcprtd.lib(MSVCP140D.dll)
          Referenced in msvcprtd.lib(MSVCP140D.dll)
          Referenced in msvcprtd.lib(MSVCP140D.dll)
          Referenced in msvcprtd.lib(MSVCP140D.dll)
          Referenced in msvcprtd.lib(MSVCP140D.dll)
          Referenced in msvcprtd.lib(MSVCP140D.dll)
          Referenced in msvcprtd.lib(MSVCP140D.dll)
          Referenced in msvcprtd.lib(MSVCP140D.dll)
          Referenced in msvcprtd.lib(MSVCP140D.dll)
          Referenced in msvcprtd.lib(MSVCP140D.dll)
          Referenced in msvcprtd.lib(MSVCP140D.dll)
          Referenced in msvcprtd.lib(MSVCP140D.dll)
          Referenced in msvcprtd.lib(MSVCP140D.dll)
          Referenced in msvcprtd.lib(MSVCP140D.dll)
          Referenced in msvcprtd.lib(MSVCP140D.dll)
          Referenced in msvcprtd.lib(MSVCP140D.dll)
          Referenced in msvcprtd.lib(MSVCP140D.dll)
          Referenced in msvcprtd.lib(MSVCP140D.dll)
          Referenced in msvcprtd.lib(MSVCP140D.dll)
          Referenced in msvcprtd.lib(MSVCP140D.dll)
          Referenced in msvcprtd.lib(MSVCP140D.dll)
          Referenced in msvcprtd.lib(MSVCP140D.dll)
          Referenced in msvcprtd.lib(MSVCP140D.dll)
          Referenced in msvcprtd.lib(MSVCP140D.dll)
          Referenced in msvcprtd.lib(MSVCP140D.dll)
          Referenced in msvcprtd.lib(MSVCP140D.dll)
          Referenced in msvcprtd.lib(MSVCP140D.dll)
          Referenced in msvcprtd.lib(MSVCP140D.dll)
          Referenced in msvcprtd.lib(MSVCP140D.dll)
          Referenced in msvcprtd.lib(MSVCP140D.dll)
          Referenced in msvcprtd.lib(MSVCP140D.dll)
          Referenced in msvcprtd.lib(MSVCP140D.dll)
          Referenced in msvcprtd.lib(MSVCP140D.dll)
          Referenced in msvcprtd.lib(MSVCP140D.dll)
          Referenced in msvcprtd.lib(MSVCP140D.dll)
          Referenced in msvcprtd.lib(MSVCP140D.dll)
          Referenced in msvcprtd.lib(MSVCP140D.dll)
          Loaded msvcprtd.lib(MSVCP140D.dll)
        Found MSVCP140D_NULL_THUNK_DATA
          Referenced in msvcprtd.lib(MSVCP140D.dll)
          Loaded msvcprtd.lib(MSVCP140D.dll)
      Searching D:\hidden\Programs\Microsoft Visual Studio\2022\VC\Tools\MSVC\14.34.31933\lib\x64\MSVCRTD.lib:
        Found "void * __cdecl operator new(unsigned __int64)" (??2@YAPEAX_K@Z)
          Referenced in MPQ Archiver.obj
          Loaded MSVCRTD.lib(new_scalar.obj)
        Found "void __cdecl operator delete(void *)" (??3@YAXPEAX@Z)
          Referenced in MPQ Archiver.obj
          Loaded MSVCRTD.lib(delete_scalar.obj)
        Found "void __cdecl operator delete(void *,unsigned __int64)" (??3@YAXPEAX_K@Z)
          Referenced in MPQ Archiver.obj
          Loaded MSVCRTD.lib(delete_scalar_size.obj)
        Found "void * __cdecl operator new[](unsigned __int64)" (??_U@YAPEAX_K@Z)
          Referenced in MPQ Archiver.obj
          Loaded MSVCRTD.lib(new_array.obj)
        Found "void __cdecl operator delete[](void *)" (??_V@YAXPEAX@Z)
          Referenced in MPQ Archiver.obj
          Loaded MSVCRTD.lib(delete_array.obj)
        Found atexit
          Referenced in MPQ Archiver.obj
          Referenced in msvcprtd.lib(locale0_implib.obj)
          Loaded MSVCRTD.lib(utility.obj)
        Found _RTC_CheckStackVars
          Referenced in MPQ Archiver.obj
          Loaded MSVCRTD.lib(stack.obj)
        Found _RTC_InitBase
          Referenced in MPQ Archiver.obj
          Loaded MSVCRTD.lib(init.obj)
        Found __CheckForDebuggerJustMyCode
          Referenced in MPQ Archiver.obj
          Loaded MSVCRTD.lib(debugger_jmc.obj)
        Found __GSHandlerCheck
          Referenced in MPQ Archiver.obj
          Referenced in msvcprtd.lib(filesystem.obj)
          Loaded MSVCRTD.lib(gshandler.obj)
        Found __GSHandlerCheck_EH4
          Referenced in MPQ Archiver.obj
          Referenced in msvcprtd.lib(filesystem.obj)
          Loaded MSVCRTD.lib(gshandlereh4.obj)
        Found __chkstk
          Referenced in MPQ Archiver.obj
          Loaded MSVCRTD.lib(chkstk.obj)
        Found __security_check_cookie
          Referenced in MPQ Archiver.obj
          Referenced in msvcprtd.lib(filesystem.obj)
          Referenced in MSVCRTD.lib(gshandler.obj)
          Loaded MSVCRTD.lib(amdsecgs.obj)
        Found "const type_info::`vftable'" (??_7type_info@@6B@)
          Referenced in MPQ Archiver.obj
          Loaded MSVCRTD.lib(std_type_info_static.obj)
        Found __security_cookie
          Referenced in MPQ Archiver.obj
          Referenced in msvcprtd.lib(filesystem.obj)
          Referenced in MSVCRTD.lib(amdsecgs.obj)
          Loaded MSVCRTD.lib(gs_cookie.obj)
        Found mainCRTStartup
          Loaded MSVCRTD.lib(exe_main.obj)
        Found __guard_dispatch_icall_fptr
          Referenced in msvcprtd.lib(filesystem.obj)
          Referenced in msvcprtd.lib(locale0_implib.obj)
          Referenced in MSVCRTD.lib(utility.obj)
          Referenced in MSVCRTD.lib(exe_main.obj)
          Loaded MSVCRTD.lib(guard_support.obj)
        Found "void __cdecl __scrt_throw_std_bad_alloc(void)" (?__scrt_throw_std_bad_alloc@@YAXXZ)
          Referenced in MSVCRTD.lib(new_scalar.obj)
          Loaded MSVCRTD.lib(throw_bad_alloc.obj)
        Found __isa_available_init
          Referenced in MSVCRTD.lib(utility.obj)
          Loaded MSVCRTD.lib(cpu_disp.obj)
        Found _get_startup_argv_mode
          Referenced in MSVCRTD.lib(utility.obj)
          Referenced in MSVCRTD.lib(exe_main.obj)
          Loaded MSVCRTD.lib(argv_mode.obj)
        Found __scrt_is_ucrt_dll_in_use
          Referenced in MSVCRTD.lib(utility.obj)
          Loaded MSVCRTD.lib(ucrt_detection.obj)
        Found __scrt_fastfail
          Referenced in MSVCRTD.lib(utility.obj)
          Referenced in MSVCRTD.lib(exe_main.obj)
          Loaded MSVCRTD.lib(utility_desktop.obj)
        Found "void __cdecl _RTC_StackFailure(void *,char const *)" (?_RTC_StackFailure@@YAXPEAXPEBD@Z)
          Referenced in MSVCRTD.lib(stack.obj)
          Loaded MSVCRTD.lib(error.obj)
        Found _RTC_SetErrorFuncW
          Referenced in MSVCRTD.lib(init.obj)
          Loaded MSVCRTD.lib(userapi.obj)
        Found __report_gsfailure
          Referenced in MSVCRTD.lib(amdsecgs.obj)
          Loaded MSVCRTD.lib(gs_report.obj)
        Found __security_init_cookie
          Referenced in MSVCRTD.lib(exe_main.obj)
          Loaded MSVCRTD.lib(gs_support.obj)
        Found _matherr
          Referenced in MSVCRTD.lib(exe_main.obj)
          Loaded MSVCRTD.lib(matherr.obj)
        Found _get_startup_commit_mode
          Referenced in MSVCRTD.lib(exe_main.obj)
          Loaded MSVCRTD.lib(commit_mode.obj)
        Found _get_startup_file_mode
          Referenced in MSVCRTD.lib(exe_main.obj)
          Loaded MSVCRTD.lib(file_mode.obj)
        Found _get_startup_new_mode
          Referenced in MSVCRTD.lib(exe_main.obj)
          Loaded MSVCRTD.lib(new_mode.obj)
        Found _get_startup_thread_locale_mode
          Referenced in MSVCRTD.lib(exe_main.obj)
          Loaded MSVCRTD.lib(thread_locale.obj)
        Found "void __cdecl __scrt_initialize_type_info(void)" (?__scrt_initialize_type_info@@YAXXZ)
          Referenced in MSVCRTD.lib(exe_main.obj)
          Loaded MSVCRTD.lib(tncleanup.obj)
        Found _should_initialize_environment
          Referenced in MSVCRTD.lib(exe_main.obj)
          Loaded MSVCRTD.lib(env_mode.obj)
        Found _initialize_invalid_parameter_handler
          Referenced in MSVCRTD.lib(exe_main.obj)
          Loaded MSVCRTD.lib(invalid_parameter_handler.obj)
        Found _initialize_denormal_control
          Referenced in MSVCRTD.lib(exe_main.obj)
          Loaded MSVCRTD.lib(denormal_control.obj)
        Found __scrt_initialize_default_local_stdio_options
          Referenced in MSVCRTD.lib(exe_main.obj)
          Loaded MSVCRTD.lib(default_local_stdio_options.obj)
        Found __scrt_is_user_matherr_present
          Referenced in MSVCRTD.lib(exe_main.obj)
          Loaded MSVCRTD.lib(matherr_detection.obj)
        Found __scrt_get_dyn_tls_init_callback
          Referenced in MSVCRTD.lib(exe_main.obj)
          Loaded MSVCRTD.lib(dyn_tls_init.obj)
        Found __scrt_get_dyn_tls_dtor_callback
          Referenced in MSVCRTD.lib(exe_main.obj)
          Loaded MSVCRTD.lib(dyn_tls_dtor.obj)
        Found _RTC_Initialize
          Referenced in MSVCRTD.lib(exe_main.obj)
          Loaded MSVCRTD.lib(initsect.obj)
        Found __xi_a
          Referenced in MSVCRTD.lib(exe_main.obj)
          Loaded MSVCRTD.lib(initializers.obj)
  Processed /DEFAULTLIB:kernel32.lib
   Processed /DISALLOWLIB:msvcrt.lib
   Processed /DISALLOWLIB:libcmt.lib
   Processed /DISALLOWLIB:libcmtd.lib
   Processed /DISALLOWLIB:vcruntime.lib
  Processed /DEFAULTLIB:vcruntimed.lib
   Processed /DISALLOWLIB:libvcruntime.lib
   Processed /DISALLOWLIB:libvcruntimed.lib
   Processed /DISALLOWLIB:ucrt.lib
  Processed /DEFAULTLIB:ucrtd.lib
   Processed /DISALLOWLIB:libucrt.lib
   Processed /DISALLOWLIB:libucrtd.lib
        Found _guard_dispatch_icall_nop
          Referenced in MSVCRTD.lib(guard_support.obj)
          Loaded MSVCRTD.lib(guard_dispatch.obj)
        Found _guard_xfg_dispatch_icall_nop
          Referenced in MSVCRTD.lib(guard_support.obj)
          Loaded MSVCRTD.lib(guard_xfg_dispatch.obj)
        Found "int __cdecl _RTC_GetSrcLine(unsigned char *,wchar_t *,unsigned long,int *,wchar_t *,unsigned long)" (?_RTC_GetSrcLine@@YAHPEAEPEA_WKPEAH1K@Z)
          Referenced in MSVCRTD.lib(error.obj)
          Loaded MSVCRTD.lib(pdblkup.obj)
      Searching D:\hidden\Programs\Microsoft Visual Studio\2022\VC\Tools\MSVC\14.34.31933\lib\x64\OLDNAMES.lib:
      Searching D:\hidden\Programs\Microsoft Visual Studio\2022\VC\Tools\MSVC\14.34.31933\lib\x64\vcruntimed.lib:
        Found memcpy
          Referenced in MPQ Archiver.obj
          Referenced in msvcprtd.lib(filesystem.obj)
          Loaded vcruntimed.lib(VCRUNTIME140D.dll)
        Found memmove
          Referenced in MPQ Archiver.obj
          Loaded vcruntimed.lib(VCRUNTIME140D.dll)
        Found memset
          Referenced in MPQ Archiver.obj
          Referenced in msvcprtd.lib(filesystem.obj)
          Loaded vcruntimed.lib(VCRUNTIME140D.dll)
        Found __std_exception_copy
          Referenced in MPQ Archiver.obj
          Referenced in MSVCRTD.lib(throw_bad_alloc.obj)
          Loaded vcruntimed.lib(VCRUNTIME140D.dll)
        Found __std_exception_destroy
          Referenced in MPQ Archiver.obj
          Referenced in MSVCRTD.lib(throw_bad_alloc.obj)
          Loaded vcruntimed.lib(VCRUNTIME140D.dll)
        Found _CxxThrowException
          Referenced in MPQ Archiver.obj
          Referenced in MSVCRTD.lib(throw_bad_alloc.obj)
          Loaded vcruntimed.lib(VCRUNTIME140D.dll)
        Found __CxxFrameHandler4
          Referenced in MPQ Archiver.obj
          Referenced in msvcprtd.lib(filesystem.obj)
          Referenced in msvcprtd.lib(locale0_implib.obj)
          Referenced in MSVCRTD.lib(gshandlereh4.obj)
          Loaded vcruntimed.lib(VCRUNTIME140_1D.dll)
        Found memcmp
          Referenced in MPQ Archiver.obj
          Referenced in msvcprtd.lib(filesystem.obj)
          Loaded vcruntimed.lib(VCRUNTIME140D.dll)
        Found __C_specific_handler
          Referenced in MSVCRTD.lib(utility.obj)
          Referenced in MSVCRTD.lib(exe_main.obj)
          Loaded vcruntimed.lib(VCRUNTIME140D.dll)
        Found __current_exception
          Referenced in MSVCRTD.lib(utility_desktop.obj)
          Loaded vcruntimed.lib(VCRUNTIME140D.dll)
        Found __current_exception_context
          Referenced in MSVCRTD.lib(utility_desktop.obj)
          Loaded vcruntimed.lib(VCRUNTIME140D.dll)
        Found __C_specific_handler_noexcept
          Referenced in MSVCRTD.lib(error.obj)
          Loaded vcruntimed.lib(VCRUNTIME140D.dll)
        Found __std_type_info_destroy_list
          Referenced in MSVCRTD.lib(tncleanup.obj)
          Loaded vcruntimed.lib(VCRUNTIME140D.dll)
        Found __vcrt_GetModuleFileNameW
          Referenced in MSVCRTD.lib(pdblkup.obj)
          Loaded vcruntimed.lib(VCRUNTIME140D.dll)
        Found __vcrt_GetModuleHandleW
          Referenced in MSVCRTD.lib(pdblkup.obj)
          Loaded vcruntimed.lib(VCRUNTIME140D.dll)
        Found __vcrt_LoadLibraryExW
          Referenced in MSVCRTD.lib(pdblkup.obj)
          Loaded vcruntimed.lib(VCRUNTIME140D.dll)
        Found __IMPORT_DESCRIPTOR_VCRUNTIME140D
          Referenced in vcruntimed.lib(VCRUNTIME140D.dll)
          Referenced in vcruntimed.lib(VCRUNTIME140D.dll)
          Referenced in vcruntimed.lib(VCRUNTIME140D.dll)
          Referenced in vcruntimed.lib(VCRUNTIME140D.dll)
          Referenced in vcruntimed.lib(VCRUNTIME140D.dll)
          Referenced in vcruntimed.lib(VCRUNTIME140D.dll)
          Referenced in vcruntimed.lib(VCRUNTIME140D.dll)
          Referenced in vcruntimed.lib(VCRUNTIME140D.dll)
          Referenced in vcruntimed.lib(VCRUNTIME140D.dll)
          Referenced in vcruntimed.lib(VCRUNTIME140D.dll)
          Referenced in vcruntimed.lib(VCRUNTIME140D.dll)
          Referenced in vcruntimed.lib(VCRUNTIME140D.dll)
          Referenced in vcruntimed.lib(VCRUNTIME140D.dll)
          Referenced in vcruntimed.lib(VCRUNTIME140D.dll)
          Referenced in vcruntimed.lib(VCRUNTIME140D.dll)
          Loaded vcruntimed.lib(VCRUNTIME140D.dll)
        Found __IMPORT_DESCRIPTOR_VCRUNTIME140_1D
          Referenced in vcruntimed.lib(VCRUNTIME140_1D.dll)
          Loaded vcruntimed.lib(VCRUNTIME140_1D.dll)
        Found VCRUNTIME140D_NULL_THUNK_DATA
          Referenced in vcruntimed.lib(VCRUNTIME140D.dll)
          Loaded vcruntimed.lib(VCRUNTIME140D.dll)
        Found VCRUNTIME140_1D_NULL_THUNK_DATA
          Referenced in vcruntimed.lib(VCRUNTIME140_1D.dll)
          Loaded vcruntimed.lib(VCRUNTIME140_1D.dll)
      Searching D:\Windows Kits\10\lib\10.0.22000.0\ucrt\x64\ucrtd.lib:
        Found __imp__invalid_parameter
          Referenced in MPQ Archiver.obj
          Loaded ucrtd.lib(ucrtbased.dll)
        Found __imp__get_stream_buffer_pointers
          Referenced in MPQ Archiver.obj
          Loaded ucrtd.lib(ucrtbased.dll)
        Found __imp_fclose
          Referenced in MPQ Archiver.obj
          Loaded ucrtd.lib(ucrtbased.dll)
        Found __imp_fflush
          Referenced in MPQ Archiver.obj
          Loaded ucrtd.lib(ucrtbased.dll)
        Found __imp_fgetc
          Referenced in MPQ Archiver.obj
          Loaded ucrtd.lib(ucrtbased.dll)
        Found __imp_fgetpos
          Referenced in MPQ Archiver.obj
          Loaded ucrtd.lib(ucrtbased.dll)
        Found __imp_fputc
          Referenced in MPQ Archiver.obj
          Loaded ucrtd.lib(ucrtbased.dll)
        Found __imp_fread
          Referenced in MPQ Archiver.obj
          Loaded ucrtd.lib(ucrtbased.dll)
        Found __imp_fsetpos
          Referenced in MPQ Archiver.obj
          Loaded ucrtd.lib(ucrtbased.dll)
        Found __imp__fseeki64
          Referenced in MPQ Archiver.obj
          Loaded ucrtd.lib(ucrtbased.dll)
        Found __imp_fwrite
          Referenced in MPQ Archiver.obj
          Loaded ucrtd.lib(ucrtbased.dll)
        Found __imp_setvbuf
          Referenced in MPQ Archiver.obj
          Loaded ucrtd.lib(ucrtbased.dll)
        Found __imp_ungetc
          Referenced in MPQ Archiver.obj
          Loaded ucrtd.lib(ucrtbased.dll)
        Found __imp__lock_file
          Referenced in MPQ Archiver.obj
          Loaded ucrtd.lib(ucrtbased.dll)
        Found __imp__unlock_file
          Referenced in MPQ Archiver.obj
          Loaded ucrtd.lib(ucrtbased.dll)
        Found __imp_wcslen
          Referenced in MPQ Archiver.obj
          Loaded ucrtd.lib(ucrtbased.dll)
        Found __imp__calloc_dbg
          Referenced in MPQ Archiver.obj
          Loaded ucrtd.lib(ucrtbased.dll)
        Found __imp__CrtDbgReport
          Referenced in MPQ Archiver.obj
          Loaded ucrtd.lib(ucrtbased.dll)
        Found strlen
          Referenced in MPQ Archiver.obj
          Loaded ucrtd.lib(ucrtbased.dll)
        Found __imp____lc_codepage_func
          Referenced in msvcprtd.lib(filesystem.obj)
          Loaded ucrtd.lib(ucrtbased.dll)
        Found __imp_terminate
          Referenced in msvcprtd.lib(filesystem.obj)
          Loaded ucrtd.lib(ucrtbased.dll)
        Found __imp__free_dbg
          Referenced in msvcprtd.lib(filesystem.obj)
          Referenced in msvcprtd.lib(locale0_implib.obj)
          Loaded ucrtd.lib(ucrtbased.dll)
        Found __imp__malloc_dbg
          Referenced in msvcprtd.lib(filesystem.obj)
          Referenced in msvcprtd.lib(locale0_implib.obj)
          Loaded ucrtd.lib(ucrtbased.dll)
        Found _callnewh
          Referenced in MSVCRTD.lib(new_scalar.obj)
          Loaded ucrtd.lib(ucrtbased.dll)
        Found malloc
          Referenced in MSVCRTD.lib(new_scalar.obj)
          Loaded ucrtd.lib(ucrtbased.dll)
        Found _seh_filter_dll
          Referenced in MSVCRTD.lib(utility.obj)
          Loaded ucrtd.lib(ucrtbased.dll)
        Found _configure_narrow_argv
          Referenced in MSVCRTD.lib(utility.obj)
          Referenced in MSVCRTD.lib(exe_main.obj)
          Loaded ucrtd.lib(ucrtbased.dll)
        Found _initialize_narrow_environment
          Referenced in MSVCRTD.lib(utility.obj)
          Referenced in MSVCRTD.lib(exe_main.obj)
          Loaded ucrtd.lib(ucrtbased.dll)
        Found _initialize_onexit_table
          Referenced in MSVCRTD.lib(utility.obj)
          Loaded ucrtd.lib(ucrtbased.dll)
        Found _register_onexit_function
          Referenced in MSVCRTD.lib(utility.obj)
          Loaded ucrtd.lib(ucrtbased.dll)
        Found _execute_onexit_table
          Referenced in MSVCRTD.lib(utility.obj)
          Loaded ucrtd.lib(ucrtbased.dll)
        Found _crt_atexit
          Referenced in MSVCRTD.lib(utility.obj)
          Loaded ucrtd.lib(ucrtbased.dll)
        Found _crt_at_quick_exit
          Referenced in MSVCRTD.lib(utility.obj)
          Loaded ucrtd.lib(ucrtbased.dll)
        Found _cexit
          Referenced in MSVCRTD.lib(utility.obj)
          Referenced in MSVCRTD.lib(exe_main.obj)
          Loaded ucrtd.lib(ucrtbased.dll)
        Found _CrtDbgReportW
          Referenced in MSVCRTD.lib(init.obj)
          Loaded ucrtd.lib(ucrtbased.dll)
        Found _seh_filter_exe
          Referenced in MSVCRTD.lib(exe_main.obj)
          Loaded ucrtd.lib(ucrtbased.dll)
        Found _set_app_type
          Referenced in MSVCRTD.lib(exe_main.obj)
          Loaded ucrtd.lib(ucrtbased.dll)
        Found __setusermatherr
          Referenced in MSVCRTD.lib(exe_main.obj)
          Loaded ucrtd.lib(ucrtbased.dll)
        Found _get_initial_narrow_environment
          Referenced in MSVCRTD.lib(exe_main.obj)
          Loaded ucrtd.lib(ucrtbased.dll)
        Found _initterm
          Referenced in MSVCRTD.lib(exe_main.obj)
          Loaded ucrtd.lib(ucrtbased.dll)
        Found _initterm_e
          Referenced in MSVCRTD.lib(exe_main.obj)
          Loaded ucrtd.lib(ucrtbased.dll)
        Found exit
          Referenced in MSVCRTD.lib(exe_main.obj)
          Loaded ucrtd.lib(ucrtbased.dll)
        Found _exit
          Referenced in MSVCRTD.lib(exe_main.obj)
          Loaded ucrtd.lib(ucrtbased.dll)
        Found _set_fmode
          Referenced in MSVCRTD.lib(exe_main.obj)
          Loaded ucrtd.lib(ucrtbased.dll)
        Found __p___argc
          Referenced in MSVCRTD.lib(exe_main.obj)
          Loaded ucrtd.lib(ucrtbased.dll)
        Found __p___argv
          Referenced in MSVCRTD.lib(exe_main.obj)
          Loaded ucrtd.lib(ucrtbased.dll)
        Found _c_exit
          Referenced in MSVCRTD.lib(exe_main.obj)
          Loaded ucrtd.lib(ucrtbased.dll)
        Found _register_thread_local_exe_atexit_callback
          Referenced in MSVCRTD.lib(exe_main.obj)
          Loaded ucrtd.lib(ucrtbased.dll)
        Found _configthreadlocale
          Referenced in MSVCRTD.lib(exe_main.obj)
          Loaded ucrtd.lib(ucrtbased.dll)
        Found _set_new_mode
          Referenced in MSVCRTD.lib(exe_main.obj)
          Loaded ucrtd.lib(ucrtbased.dll)
        Found __p__commode
          Referenced in MSVCRTD.lib(exe_main.obj)
          Loaded ucrtd.lib(ucrtbased.dll)
        Found strcpy_s
          Referenced in MSVCRTD.lib(error.obj)
          Loaded ucrtd.lib(ucrtbased.dll)
        Found strcat_s
          Referenced in MSVCRTD.lib(error.obj)
          Loaded ucrtd.lib(ucrtbased.dll)
        Found __stdio_common_vsprintf_s
          Referenced in MSVCRTD.lib(error.obj)
          Loaded ucrtd.lib(ucrtbased.dll)
        Found _wmakepath_s
          Referenced in MSVCRTD.lib(pdblkup.obj)
          Loaded ucrtd.lib(ucrtbased.dll)
        Found _wsplitpath_s
          Referenced in MSVCRTD.lib(pdblkup.obj)
          Loaded ucrtd.lib(ucrtbased.dll)
        Found wcscpy_s
          Referenced in MSVCRTD.lib(pdblkup.obj)
          Loaded ucrtd.lib(ucrtbased.dll)
        Found __IMPORT_DESCRIPTOR_ucrtbased
          Referenced in ucrtd.lib(ucrtbased.dll)
          Referenced in ucrtd.lib(ucrtbased.dll)
          Referenced in ucrtd.lib(ucrtbased.dll)
          Referenced in ucrtd.lib(ucrtbased.dll)
          Referenced in ucrtd.lib(ucrtbased.dll)
          Referenced in ucrtd.lib(ucrtbased.dll)
          Referenced in ucrtd.lib(ucrtbased.dll)
          Referenced in ucrtd.lib(ucrtbased.dll)
          Referenced in ucrtd.lib(ucrtbased.dll)
          Referenced in ucrtd.lib(ucrtbased.dll)
          Referenced in ucrtd.lib(ucrtbased.dll)
          Referenced in ucrtd.lib(ucrtbased.dll)
          Referenced in ucrtd.lib(ucrtbased.dll)
          Referenced in ucrtd.lib(ucrtbased.dll)
          Referenced in ucrtd.lib(ucrtbased.dll)
          Referenced in ucrtd.lib(ucrtbased.dll)
          Referenced in ucrtd.lib(ucrtbased.dll)
          Referenced in ucrtd.lib(ucrtbased.dll)
          Referenced in ucrtd.lib(ucrtbased.dll)
          Referenced in ucrtd.lib(ucrtbased.dll)
          Referenced in ucrtd.lib(ucrtbased.dll)
          Referenced in ucrtd.lib(ucrtbased.dll)
          Referenced in ucrtd.lib(ucrtbased.dll)
          Referenced in ucrtd.lib(ucrtbased.dll)
          Referenced in ucrtd.lib(ucrtbased.dll)
          Referenced in ucrtd.lib(ucrtbased.dll)
          Referenced in ucrtd.lib(ucrtbased.dll)
          Referenced in ucrtd.lib(ucrtbased.dll)
          Referenced in ucrtd.lib(ucrtbased.dll)
          Referenced in ucrtd.lib(ucrtbased.dll)
          Referenced in ucrtd.lib(ucrtbased.dll)
          Referenced in ucrtd.lib(ucrtbased.dll)
          Referenced in ucrtd.lib(ucrtbased.dll)
          Referenced in ucrtd.lib(ucrtbased.dll)
          Referenced in ucrtd.lib(ucrtbased.dll)
          Referenced in ucrtd.lib(ucrtbased.dll)
          Referenced in ucrtd.lib(ucrtbased.dll)
          Referenced in ucrtd.lib(ucrtbased.dll)
          Referenced in ucrtd.lib(ucrtbased.dll)
          Referenced in ucrtd.lib(ucrtbased.dll)
          Referenced in ucrtd.lib(ucrtbased.dll)
          Referenced in ucrtd.lib(ucrtbased.dll)
          Referenced in ucrtd.lib(ucrtbased.dll)
          Referenced in ucrtd.lib(ucrtbased.dll)
          Referenced in ucrtd.lib(ucrtbased.dll)
          Referenced in ucrtd.lib(ucrtbased.dll)
          Referenced in ucrtd.lib(ucrtbased.dll)
          Referenced in ucrtd.lib(ucrtbased.dll)
          Referenced in ucrtd.lib(ucrtbased.dll)
          Referenced in ucrtd.lib(ucrtbased.dll)
          Referenced in ucrtd.lib(ucrtbased.dll)
          Referenced in ucrtd.lib(ucrtbased.dll)
          Referenced in ucrtd.lib(ucrtbased.dll)
          Referenced in ucrtd.lib(ucrtbased.dll)
          Referenced in ucrtd.lib(ucrtbased.dll)
          Referenced in ucrtd.lib(ucrtbased.dll)
          Referenced in ucrtd.lib(ucrtbased.dll)
          Loaded ucrtd.lib(ucrtbased.dll)
        Found ucrtbased_NULL_THUNK_DATA
          Referenced in ucrtd.lib(ucrtbased.dll)
          Loaded ucrtd.lib(ucrtbased.dll)
      Searching D:\Windows Kits\10\lib\10.0.22000.0\um\x64\kernel32.lib:
        Found __imp_LocalFree
          Referenced in msvcprtd.lib(syserror_import_lib.obj)
          Loaded kernel32.lib(KERNEL32.dll)
        Found __imp_FormatMessageA
          Referenced in msvcprtd.lib(syserror_import_lib.obj)
          Loaded kernel32.lib(KERNEL32.dll)
        Found __imp_GetLocaleInfoEx
          Referenced in msvcprtd.lib(syserror_import_lib.obj)
          Loaded kernel32.lib(KERNEL32.dll)
        Found __imp_SetCurrentDirectoryW
          Referenced in msvcprtd.lib(filesystem.obj)
          Loaded kernel32.lib(KERNEL32.dll)
        Found __imp_GetCurrentDirectoryW
          Referenced in msvcprtd.lib(filesystem.obj)
          Loaded kernel32.lib(KERNEL32.dll)
        Found __imp_CreateDirectoryW
          Referenced in msvcprtd.lib(filesystem.obj)
          Loaded kernel32.lib(KERNEL32.dll)
        Found __imp_CreateFileW
          Referenced in msvcprtd.lib(filesystem.obj)
          Loaded kernel32.lib(KERNEL32.dll)
        Found __imp_FindClose
          Referenced in msvcprtd.lib(filesystem.obj)
          Loaded kernel32.lib(KERNEL32.dll)
        Found __imp_FindFirstFileW
          Referenced in msvcprtd.lib(filesystem.obj)
          Loaded kernel32.lib(KERNEL32.dll)
        Found __imp_FindFirstFileExW
          Referenced in msvcprtd.lib(filesystem.obj)
          Loaded kernel32.lib(KERNEL32.dll)
        Found __imp_FindNextFileW
          Referenced in msvcprtd.lib(filesystem.obj)
          Loaded kernel32.lib(KERNEL32.dll)
        Found __imp_GetDiskFreeSpaceExW
          Referenced in msvcprtd.lib(filesystem.obj)
          Loaded kernel32.lib(KERNEL32.dll)
        Found __imp_GetFileAttributesW
          Referenced in msvcprtd.lib(filesystem.obj)
          Loaded kernel32.lib(KERNEL32.dll)
        Found __imp_GetFileAttributesExW
          Referenced in msvcprtd.lib(filesystem.obj)
          Loaded kernel32.lib(KERNEL32.dll)
        Found __imp_GetFileInformationByHandle
          Referenced in msvcprtd.lib(filesystem.obj)
          Loaded kernel32.lib(KERNEL32.dll)
        Found __imp_GetFinalPathNameByHandleW
          Referenced in msvcprtd.lib(filesystem.obj)
          Loaded kernel32.lib(KERNEL32.dll)
        Found __imp_GetFullPathNameW
          Referenced in msvcprtd.lib(filesystem.obj)
          Loaded kernel32.lib(KERNEL32.dll)
        Found __imp_SetFileAttributesW
          Referenced in msvcprtd.lib(filesystem.obj)
          Loaded kernel32.lib(KERNEL32.dll)
        Found __imp_SetFileInformationByHandle
          Referenced in msvcprtd.lib(filesystem.obj)
          Loaded kernel32.lib(KERNEL32.dll)
        Found __imp_SetFileTime
          Referenced in msvcprtd.lib(filesystem.obj)
          Loaded kernel32.lib(KERNEL32.dll)
        Found __imp_GetTempPathW
          Referenced in msvcprtd.lib(filesystem.obj)
          Loaded kernel32.lib(KERNEL32.dll)
        Found __imp_AreFileApisANSI
          Referenced in msvcprtd.lib(filesystem.obj)
          Loaded kernel32.lib(KERNEL32.dll)
        Found __imp_CloseHandle
          Referenced in msvcprtd.lib(filesystem.obj)
          Loaded kernel32.lib(KERNEL32.dll)
        Found __imp_DeviceIoControl
          Referenced in msvcprtd.lib(filesystem.obj)
          Loaded kernel32.lib(KERNEL32.dll)
        Found __imp_GetModuleHandleW
          Referenced in msvcprtd.lib(filesystem.obj)
          Referenced in MSVCRTD.lib(utility_desktop.obj)
          Loaded kernel32.lib(KERNEL32.dll)
        Found __imp_GetProcAddress
          Referenced in msvcprtd.lib(filesystem.obj)
          Referenced in MSVCRTD.lib(pdblkup.obj)
          Loaded kernel32.lib(KERNEL32.dll)
        Found __imp_CreateDirectoryExW
          Referenced in msvcprtd.lib(filesystem.obj)
          Loaded kernel32.lib(KERNEL32.dll)
        Found __imp_CopyFileW
          Referenced in msvcprtd.lib(filesystem.obj)
          Loaded kernel32.lib(KERNEL32.dll)
        Found __imp_MoveFileExW
          Referenced in msvcprtd.lib(filesystem.obj)
          Loaded kernel32.lib(KERNEL32.dll)
        Found __imp_CreateHardLinkW
          Referenced in msvcprtd.lib(filesystem.obj)
          Loaded kernel32.lib(KERNEL32.dll)
        Found __imp_GetFileInformationByHandleEx
          Referenced in msvcprtd.lib(filesystem.obj)
          Loaded kernel32.lib(KERNEL32.dll)
        Found __imp_CreateSymbolicLinkW
          Referenced in msvcprtd.lib(filesystem.obj)
          Loaded kernel32.lib(KERNEL32.dll)
        Found __imp_MultiByteToWideChar
          Referenced in msvcprtd.lib(filesystem.obj)
          Referenced in MSVCRTD.lib(error.obj)
          Loaded kernel32.lib(KERNEL32.dll)
        Found __imp_WideCharToMultiByte
          Referenced in msvcprtd.lib(filesystem.obj)
          Referenced in MSVCRTD.lib(error.obj)
          Loaded kernel32.lib(KERNEL32.dll)
        Found __imp_GetCurrentThreadId
          Referenced in MSVCRTD.lib(debugger_jmc.obj)
          Referenced in MSVCRTD.lib(gs_support.obj)
          Loaded kernel32.lib(KERNEL32.dll)
        Found __imp_RtlCaptureContext
          Referenced in MSVCRTD.lib(utility_desktop.obj)
          Referenced in MSVCRTD.lib(gs_report.obj)
          Loaded kernel32.lib(KERNEL32.dll)
        Found __imp_RtlLookupFunctionEntry
          Referenced in MSVCRTD.lib(utility_desktop.obj)
          Referenced in MSVCRTD.lib(gs_report.obj)
          Loaded kernel32.lib(KERNEL32.dll)
        Found __imp_RtlVirtualUnwind
          Referenced in MSVCRTD.lib(utility_desktop.obj)
          Referenced in MSVCRTD.lib(gs_report.obj)
          Loaded kernel32.lib(KERNEL32.dll)
        Found __imp_IsDebuggerPresent
          Referenced in MSVCRTD.lib(utility_desktop.obj)
          Referenced in MSVCRTD.lib(error.obj)
          Loaded kernel32.lib(KERNEL32.dll)
        Found __imp_UnhandledExceptionFilter
          Referenced in MSVCRTD.lib(utility_desktop.obj)
          Referenced in MSVCRTD.lib(gs_report.obj)
          Loaded kernel32.lib(KERNEL32.dll)
        Found __imp_SetUnhandledExceptionFilter
          Referenced in MSVCRTD.lib(utility_desktop.obj)
          Referenced in MSVCRTD.lib(gs_report.obj)
          Loaded kernel32.lib(KERNEL32.dll)
        Found __imp_GetStartupInfoW
          Referenced in MSVCRTD.lib(utility_desktop.obj)
          Loaded kernel32.lib(KERNEL32.dll)
        Found __imp_IsProcessorFeaturePresent
          Referenced in MSVCRTD.lib(utility_desktop.obj)
          Referenced in MSVCRTD.lib(gs_report.obj)
          Loaded kernel32.lib(KERNEL32.dll)
        Found __imp_RaiseException
          Referenced in MSVCRTD.lib(error.obj)
          Loaded kernel32.lib(KERNEL32.dll)
        Found __imp_GetCurrentProcess
          Referenced in MSVCRTD.lib(gs_report.obj)
          Loaded kernel32.lib(KERNEL32.dll)
        Found __imp_TerminateProcess
          Referenced in MSVCRTD.lib(gs_report.obj)
          Loaded kernel32.lib(KERNEL32.dll)
        Found __imp_QueryPerformanceCounter
          Referenced in MSVCRTD.lib(gs_support.obj)
          Loaded kernel32.lib(KERNEL32.dll)
        Found __imp_GetCurrentProcessId
          Referenced in MSVCRTD.lib(gs_support.obj)
          Loaded kernel32.lib(KERNEL32.dll)
        Found __imp_GetSystemTimeAsFileTime
          Referenced in MSVCRTD.lib(gs_support.obj)
          Loaded kernel32.lib(KERNEL32.dll)
        Found __imp_InitializeSListHead
          Referenced in MSVCRTD.lib(tncleanup.obj)
          Loaded kernel32.lib(KERNEL32.dll)
        Found __imp_HeapAlloc
          Referenced in MSVCRTD.lib(pdblkup.obj)
          Loaded kernel32.lib(KERNEL32.dll)
        Found __imp_HeapFree
          Referenced in MSVCRTD.lib(pdblkup.obj)
          Loaded kernel32.lib(KERNEL32.dll)
        Found __imp_GetProcessHeap
          Referenced in MSVCRTD.lib(pdblkup.obj)
          Loaded kernel32.lib(KERNEL32.dll)
        Found __imp_VirtualQuery
          Referenced in MSVCRTD.lib(pdblkup.obj)
          Loaded kernel32.lib(KERNEL32.dll)
        Found __imp_FreeLibrary
          Referenced in MSVCRTD.lib(pdblkup.obj)
          Loaded kernel32.lib(KERNEL32.dll)
      Searching D:\Windows Kits\10\lib\10.0.22000.0\um\x64\user32.lib:
      Searching D:\Windows Kits\10\lib\10.0.22000.0\um\x64\gdi32.lib:
      Searching D:\Windows Kits\10\lib\10.0.22000.0\um\x64\winspool.lib:
      Searching D:\Windows Kits\10\lib\10.0.22000.0\um\x64\comdlg32.lib:
      Searching D:\Windows Kits\10\lib\10.0.22000.0\um\x64\advapi32.lib:
      Searching D:\Windows Kits\10\lib\10.0.22000.0\um\x64\shell32.lib:
      Searching D:\Windows Kits\10\lib\10.0.22000.0\um\x64\ole32.lib:
      Searching D:\Windows Kits\10\lib\10.0.22000.0\um\x64\oleaut32.lib:
      Searching D:\Windows Kits\10\lib\10.0.22000.0\um\x64\uuid.lib:
      Searching D:\Windows Kits\10\lib\10.0.22000.0\um\x64\odbc32.lib:
      Searching D:\Windows Kits\10\lib\10.0.22000.0\um\x64\odbccp32.lib:
      Searching D:\Games\hidden\VS\source\repos\MPQ (Un)Packer\x64\Debug\StormLib.lib:
      Searching D:\hidden\Programs\Microsoft Visual Studio\2022\VC\Tools\MSVC\14.34.31933\lib\x64\msvcprtd.lib:
      Searching D:\hidden\Programs\Microsoft Visual Studio\2022\VC\Tools\MSVC\14.34.31933\lib\x64\MSVCRTD.lib:
      Searching D:\hidden\Programs\Microsoft Visual Studio\2022\VC\Tools\MSVC\14.34.31933\lib\x64\OLDNAMES.lib:
      Searching D:\hidden\Programs\Microsoft Visual Studio\2022\VC\Tools\MSVC\14.34.31933\lib\x64\vcruntimed.lib:
      Searching D:\Windows Kits\10\lib\10.0.22000.0\ucrt\x64\ucrtd.lib:
  
  Finished searching libraries
  
  Searching libraries
      Searching D:\Windows Kits\10\lib\10.0.22000.0\um\x64\kernel32.lib:
      Searching D:\Windows Kits\10\lib\10.0.22000.0\um\x64\user32.lib:
      Searching D:\Windows Kits\10\lib\10.0.22000.0\um\x64\gdi32.lib:
      Searching D:\Windows Kits\10\lib\10.0.22000.0\um\x64\winspool.lib:
      Searching D:\Windows Kits\10\lib\10.0.22000.0\um\x64\comdlg32.lib:
      Searching D:\Windows Kits\10\lib\10.0.22000.0\um\x64\advapi32.lib:
      Searching D:\Windows Kits\10\lib\10.0.22000.0\um\x64\shell32.lib:
      Searching D:\Windows Kits\10\lib\10.0.22000.0\um\x64\ole32.lib:
      Searching D:\Windows Kits\10\lib\10.0.22000.0\um\x64\oleaut32.lib:
      Searching D:\Windows Kits\10\lib\10.0.22000.0\um\x64\uuid.lib:
      Searching D:\Windows Kits\10\lib\10.0.22000.0\um\x64\odbc32.lib:
      Searching D:\Windows Kits\10\lib\10.0.22000.0\um\x64\odbccp32.lib:
      Searching D:\Games\hidden\VS\source\repos\MPQ (Un)Packer\x64\Debug\StormLib.lib:
      Searching D:\hidden\Programs\Microsoft Visual Studio\2022\VC\Tools\MSVC\14.34.31933\lib\x64\msvcprtd.lib:
      Searching D:\hidden\Programs\Microsoft Visual Studio\2022\VC\Tools\MSVC\14.34.31933\lib\x64\MSVCRTD.lib:
        Found __scrt_stub_for_acrt_initialize
          Loaded MSVCRTD.lib(ucrt_stubs.obj)
      Searching D:\hidden\Programs\Microsoft Visual Studio\2022\VC\Tools\MSVC\14.34.31933\lib\x64\OLDNAMES.lib:
      Searching D:\hidden\Programs\Microsoft Visual Studio\2022\VC\Tools\MSVC\14.34.31933\lib\x64\vcruntimed.lib:
      Searching D:\Windows Kits\10\lib\10.0.22000.0\ucrt\x64\ucrtd.lib:
  
  Finished searching libraries
  
  Searching libraries
      Searching D:\Windows Kits\10\lib\10.0.22000.0\um\x64\kernel32.lib:
      Searching D:\Windows Kits\10\lib\10.0.22000.0\um\x64\user32.lib:
      Searching D:\Windows Kits\10\lib\10.0.22000.0\um\x64\gdi32.lib:
      Searching D:\Windows Kits\10\lib\10.0.22000.0\um\x64\winspool.lib:
      Searching D:\Windows Kits\10\lib\10.0.22000.0\um\x64\comdlg32.lib:
      Searching D:\Windows Kits\10\lib\10.0.22000.0\um\x64\advapi32.lib:
      Searching D:\Windows Kits\10\lib\10.0.22000.0\um\x64\shell32.lib:
      Searching D:\Windows Kits\10\lib\10.0.22000.0\um\x64\ole32.lib:
      Searching D:\Windows Kits\10\lib\10.0.22000.0\um\x64\oleaut32.lib:
      Searching D:\Windows Kits\10\lib\10.0.22000.0\um\x64\uuid.lib:
      Searching D:\Windows Kits\10\lib\10.0.22000.0\um\x64\odbc32.lib:
      Searching D:\Windows Kits\10\lib\10.0.22000.0\um\x64\odbccp32.lib:
      Searching D:\Games\hidden\VS\source\repos\MPQ (Un)Packer\x64\Debug\StormLib.lib:
      Searching D:\hidden\Programs\Microsoft Visual Studio\2022\VC\Tools\MSVC\14.34.31933\lib\x64\msvcprtd.lib:
      Searching D:\hidden\Programs\Microsoft Visual Studio\2022\VC\Tools\MSVC\14.34.31933\lib\x64\MSVCRTD.lib:
      Searching D:\hidden\Programs\Microsoft Visual Studio\2022\VC\Tools\MSVC\14.34.31933\lib\x64\OLDNAMES.lib:
      Searching D:\hidden\Programs\Microsoft Visual Studio\2022\VC\Tools\MSVC\14.34.31933\lib\x64\vcruntimed.lib:
      Searching D:\Windows Kits\10\lib\10.0.22000.0\ucrt\x64\ucrtd.lib:
  
  Finished searching libraries
  
  Searching libraries
      Searching D:\Windows Kits\10\lib\10.0.22000.0\um\x64\kernel32.lib:
      Searching D:\Windows Kits\10\lib\10.0.22000.0\um\x64\user32.lib:
      Searching D:\Windows Kits\10\lib\10.0.22000.0\um\x64\gdi32.lib:
      Searching D:\Windows Kits\10\lib\10.0.22000.0\um\x64\winspool.lib:
      Searching D:\Windows Kits\10\lib\10.0.22000.0\um\x64\comdlg32.lib:
      Searching D:\Windows Kits\10\lib\10.0.22000.0\um\x64\advapi32.lib:
      Searching D:\Windows Kits\10\lib\10.0.22000.0\um\x64\shell32.lib:
      Searching D:\Windows Kits\10\lib\10.0.22000.0\um\x64\ole32.lib:
      Searching D:\Windows Kits\10\lib\10.0.22000.0\um\x64\oleaut32.lib:
      Searching D:\Windows Kits\10\lib\10.0.22000.0\um\x64\uuid.lib:
      Searching D:\Windows Kits\10\lib\10.0.22000.0\um\x64\odbc32.lib:
      Searching D:\Windows Kits\10\lib\10.0.22000.0\um\x64\odbccp32.lib:
      Searching D:\Games\hidden\VS\source\repos\MPQ (Un)Packer\x64\Debug\StormLib.lib:
      Searching D:\hidden\Programs\Microsoft Visual Studio\2022\VC\Tools\MSVC\14.34.31933\lib\x64\msvcprtd.lib:
      Searching D:\hidden\Programs\Microsoft Visual Studio\2022\VC\Tools\MSVC\14.34.31933\lib\x64\MSVCRTD.lib:
      Searching D:\hidden\Programs\Microsoft Visual Studio\2022\VC\Tools\MSVC\14.34.31933\lib\x64\OLDNAMES.lib:
      Searching D:\hidden\Programs\Microsoft Visual Studio\2022\VC\Tools\MSVC\14.34.31933\lib\x64\vcruntimed.lib:
      Searching D:\Windows Kits\10\lib\10.0.22000.0\ucrt\x64\ucrtd.lib:
  
  Finished searching libraries
  
  Finished pass 1
  
  
  Searching libraries
      Searching D:\Windows Kits\10\lib\10.0.22000.0\um\x64\kernel32.lib:
      Searching D:\Windows Kits\10\lib\10.0.22000.0\um\x64\user32.lib:
      Searching D:\Windows Kits\10\lib\10.0.22000.0\um\x64\gdi32.lib:
      Searching D:\Windows Kits\10\lib\10.0.22000.0\um\x64\winspool.lib:
      Searching D:\Windows Kits\10\lib\10.0.22000.0\um\x64\comdlg32.lib:
      Searching D:\Windows Kits\10\lib\10.0.22000.0\um\x64\advapi32.lib:
      Searching D:\Windows Kits\10\lib\10.0.22000.0\um\x64\shell32.lib:
      Searching D:\Windows Kits\10\lib\10.0.22000.0\um\x64\ole32.lib:
      Searching D:\Windows Kits\10\lib\10.0.22000.0\um\x64\oleaut32.lib:
      Searching D:\Windows Kits\10\lib\10.0.22000.0\um\x64\uuid.lib:
      Searching D:\Windows Kits\10\lib\10.0.22000.0\um\x64\odbc32.lib:
      Searching D:\Windows Kits\10\lib\10.0.22000.0\um\x64\odbccp32.lib:
      Searching D:\Games\hidden\VS\source\repos\MPQ (Un)Packer\x64\Debug\StormLib.lib:
      Searching D:\hidden\Programs\Microsoft Visual Studio\2022\VC\Tools\MSVC\14.34.31933\lib\x64\msvcprtd.lib:
      Searching D:\hidden\Programs\Microsoft Visual Studio\2022\VC\Tools\MSVC\14.34.31933\lib\x64\MSVCRTD.lib:
        Found _load_config_used
          Loaded MSVCRTD.lib(loadcfg.obj)
      Searching D:\hidden\Programs\Microsoft Visual Studio\2022\VC\Tools\MSVC\14.34.31933\lib\x64\OLDNAMES.lib:
      Searching D:\hidden\Programs\Microsoft Visual Studio\2022\VC\Tools\MSVC\14.34.31933\lib\x64\vcruntimed.lib:
        Found __guard_memcpy_fptr
          Referenced in MSVCRTD.lib(loadcfg.obj)
          Loaded vcruntimed.lib(softmemtag.obj)
  
  Finished searching libraries
  
  Invoking rc.exe:
   /v
   /x
   /fo
   "C:\Users\admin\AppData\Local\Temp\lnk{B8EDF367-B7BE-4096-AB66-7FF108DFF11C}.tmp"
   "C:\Users\admin\AppData\Local\Temp\lnk{3ECA3C82-A1C3-4B0D-B7FC-2BB72DBC25B3}.tmp"
  Microsoft (R) Windows (R) Resource Compiler Version 10.0.10011.16384
  
  Copyright (C) Microsoft Corporation.  All rights reserved.
  
  
  Using codepage 1252 as default
  Creating C:\Users\admin\AppData\Local\Temp\lnk{B8EDF367-B7BE-4096-AB66-7FF108DFF11C}.tmp
  
  
  C:\Users\admin\AppData\Local\Temp\lnk{3ECA3C82-A1C3-4B0D-B7FC-2BB72DBC25B3}.tmp.
  Writing 24:1,	lang:0x409,	size 381
  
  Invoking cvtres.exe:
   /machine:amd64
   /verbose
   /out:"C:\Users\admin\AppData\Local\Temp\lnk{D71D52B2-7A6D-4CB7-BA1A-DAAF25705692}.tmp"
   /readonly
   "C:\Users\admin\AppData\Local\Temp\lnk{B8EDF367-B7BE-4096-AB66-7FF108DFF11C}.tmp"
  Microsoft (R) Windows Resource To Object Converter Version 14.34.31933.0
  Copyright (C) Microsoft Corporation.  All rights reserved.
  
  adding resource. type:MANIFEST, name:1, language:0x0409, flags:0x30, size:381
  
  
  Unused libraries:
    D:\Windows Kits\10\lib\10.0.22000.0\um\x64\user32.lib
    D:\Windows Kits\10\lib\10.0.22000.0\um\x64\gdi32.lib
    D:\Windows Kits\10\lib\10.0.22000.0\um\x64\winspool.lib
    D:\Windows Kits\10\lib\10.0.22000.0\um\x64\comdlg32.lib
    D:\Windows Kits\10\lib\10.0.22000.0\um\x64\advapi32.lib
    D:\Windows Kits\10\lib\10.0.22000.0\um\x64\shell32.lib
    D:\Windows Kits\10\lib\10.0.22000.0\um\x64\ole32.lib
    D:\Windows Kits\10\lib\10.0.22000.0\um\x64\oleaut32.lib
    D:\Windows Kits\10\lib\10.0.22000.0\um\x64\uuid.lib
    D:\Windows Kits\10\lib\10.0.22000.0\um\x64\odbc32.lib
    D:\Windows Kits\10\lib\10.0.22000.0\um\x64\odbccp32.lib
    D:\hidden\Programs\Microsoft Visual Studio\2022\VC\Tools\MSVC\14.34.31933\lib\x64\OLDNAMES.lib
  
  Starting pass 2
       * linker generated manifest res *
       MPQ Archiver.obj
       kernel32.lib(KERNEL32.dll)
       kernel32.lib(KERNEL32.dll)
       kernel32.lib(KERNEL32.dll)
       kernel32.lib(KERNEL32.dll)
       kernel32.lib(KERNEL32.dll)
       kernel32.lib(KERNEL32.dll)
       kernel32.lib(KERNEL32.dll)
       kernel32.lib(KERNEL32.dll)
       kernel32.lib(KERNEL32.dll)
       kernel32.lib(KERNEL32.dll)
       kernel32.lib(KERNEL32.dll)
       kernel32.lib(KERNEL32.dll)
       kernel32.lib(KERNEL32.dll)
       kernel32.lib(KERNEL32.dll)
       kernel32.lib(KERNEL32.dll)
       kernel32.lib(KERNEL32.dll)
       kernel32.lib(KERNEL32.dll)
       kernel32.lib(KERNEL32.dll)
       kernel32.lib(KERNEL32.dll)
       kernel32.lib(KERNEL32.dll)
       kernel32.lib(KERNEL32.dll)
       kernel32.lib(KERNEL32.dll)
       kernel32.lib(KERNEL32.dll)
       kernel32.lib(KERNEL32.dll)
       kernel32.lib(KERNEL32.dll)
       kernel32.lib(KERNEL32.dll)
       kernel32.lib(KERNEL32.dll)
       kernel32.lib(KERNEL32.dll)
       kernel32.lib(KERNEL32.dll)
       kernel32.lib(KERNEL32.dll)
       kernel32.lib(KERNEL32.dll)
       kernel32.lib(KERNEL32.dll)
       kernel32.lib(KERNEL32.dll)
       kernel32.lib(KERNEL32.dll)
       kernel32.lib(KERNEL32.dll)
       kernel32.lib(KERNEL32.dll)
       kernel32.lib(KERNEL32.dll)
       kernel32.lib(KERNEL32.dll)
       kernel32.lib(KERNEL32.dll)
       kernel32.lib(KERNEL32.dll)
       kernel32.lib(KERNEL32.dll)
       kernel32.lib(KERNEL32.dll)
       kernel32.lib(KERNEL32.dll)
       kernel32.lib(KERNEL32.dll)
       kernel32.lib(KERNEL32.dll)
       kernel32.lib(KERNEL32.dll)
       kernel32.lib(KERNEL32.dll)
       kernel32.lib(KERNEL32.dll)
       kernel32.lib(KERNEL32.dll)
       kernel32.lib(KERNEL32.dll)
       kernel32.lib(KERNEL32.dll)
       kernel32.lib(KERNEL32.dll)
       kernel32.lib(KERNEL32.dll)
       kernel32.lib(KERNEL32.dll)
       kernel32.lib(KERNEL32.dll)
       kernel32.lib(KERNEL32.dll)
       kernel32.lib(KERNEL32.dll)
       kernel32.lib(KERNEL32.dll)
       kernel32.lib(KERNEL32.dll)
       StormLib.lib(StormLib.dll)
       StormLib.lib(StormLib.dll)
       StormLib.lib(StormLib.dll)
       StormLib.lib(StormLib.dll)
       StormLib.lib(StormLib.dll)
       StormLib.lib(StormLib.dll)
       StormLib.lib(StormLib.dll)
       StormLib.lib(StormLib.dll)
       StormLib.lib(StormLib.dll)
       StormLib.lib(StormLib.dll)
       StormLib.lib(StormLib.dll)
       StormLib.lib(StormLib.dll)
       StormLib.lib(StormLib.dll)
       msvcprtd.lib(MSVCP140D.dll)
       msvcprtd.lib(MSVCP140D.dll)
       msvcprtd.lib(MSVCP140D.dll)
       msvcprtd.lib(MSVCP140D.dll)
       msvcprtd.lib(MSVCP140D.dll)
       msvcprtd.lib(MSVCP140D.dll)
       msvcprtd.lib(MSVCP140D.dll)
       msvcprtd.lib(MSVCP140D.dll)
       msvcprtd.lib(MSVCP140D.dll)
       msvcprtd.lib(MSVCP140D.dll)
       msvcprtd.lib(MSVCP140D.dll)
       msvcprtd.lib(MSVCP140D.dll)
       msvcprtd.lib(MSVCP140D.dll)
       msvcprtd.lib(MSVCP140D.dll)
       msvcprtd.lib(MSVCP140D.dll)
       msvcprtd.lib(MSVCP140D.dll)
       msvcprtd.lib(MSVCP140D.dll)
       msvcprtd.lib(MSVCP140D.dll)
       msvcprtd.lib(MSVCP140D.dll)
       msvcprtd.lib(MSVCP140D.dll)
       msvcprtd.lib(MSVCP140D.dll)
       msvcprtd.lib(MSVCP140D.dll)
       msvcprtd.lib(MSVCP140D.dll)
       msvcprtd.lib(MSVCP140D.dll)
       msvcprtd.lib(MSVCP140D.dll)
       msvcprtd.lib(MSVCP140D.dll)
       msvcprtd.lib(MSVCP140D.dll)
       msvcprtd.lib(MSVCP140D.dll)
       msvcprtd.lib(MSVCP140D.dll)
       msvcprtd.lib(MSVCP140D.dll)
       msvcprtd.lib(MSVCP140D.dll)
       msvcprtd.lib(MSVCP140D.dll)
       msvcprtd.lib(MSVCP140D.dll)
       msvcprtd.lib(MSVCP140D.dll)
       msvcprtd.lib(MSVCP140D.dll)
       msvcprtd.lib(MSVCP140D.dll)
       msvcprtd.lib(MSVCP140D.dll)
       msvcprtd.lib(MSVCP140D.dll)
       msvcprtd.lib(MSVCP140D.dll)
       msvcprtd.lib(MSVCP140D.dll)
       msvcprtd.lib(MSVCP140D.dll)
       msvcprtd.lib(MSVCP140D.dll)
       msvcprtd.lib(MSVCP140D.dll)
       msvcprtd.lib(MSVCP140D.dll)
       msvcprtd.lib(MSVCP140D.dll)
       msvcprtd.lib(MSVCP140D.dll)
       msvcprtd.lib(MSVCP140D.dll)
       msvcprtd.lib(MSVCP140D.dll)
       msvcprtd.lib(MSVCP140D.dll)
       msvcprtd.lib(MSVCP140D.dll)
       msvcprtd.lib(MSVCP140D.dll)
       msvcprtd.lib(MSVCP140D.dll)
       msvcprtd.lib(MSVCP140D.dll)
       msvcprtd.lib(MSVCP140D.dll)
       msvcprtd.lib(MSVCP140D.dll)
       msvcprtd.lib(MSVCP140D.dll)
       msvcprtd.lib(MSVCP140D.dll)
       msvcprtd.lib(MSVCP140D.dll)
       msvcprtd.lib(MSVCP140D.dll)
       msvcprtd.lib(MSVCP140D.dll)
       msvcprtd.lib(MSVCP140D.dll)
       msvcprtd.lib(MSVCP140D.dll)
       msvcprtd.lib(MSVCP140D.dll)
       msvcprtd.lib(MSVCP140D.dll)
       msvcprtd.lib(MSVCP140D.dll)
       msvcprtd.lib(MSVCP140D.dll)
       msvcprtd.lib(MSVCP140D.dll)
       msvcprtd.lib(MSVCP140D.dll)
       msvcprtd.lib(MSVCP140D.dll)
       msvcprtd.lib(MSVCP140D.dll)
       msvcprtd.lib(MSVCP140D.dll)
       msvcprtd.lib(MSVCP140D.dll)
       msvcprtd.lib(MSVCP140D.dll)
       msvcprtd.lib(MSVCP140D.dll)
       msvcprtd.lib(MSVCP140D.dll)
       msvcprtd.lib(MSVCP140D.dll)
       msvcprtd.lib(MSVCP140D.dll)
       msvcprtd.lib(MSVCP140D.dll)
       msvcprtd.lib(MSVCP140D.dll)
       msvcprtd.lib(MSVCP140D.dll)
       msvcprtd.lib(MSVCP140D.dll)
       msvcprtd.lib(MSVCP140D.dll)
       msvcprtd.lib(MSVCP140D.dll)
       msvcprtd.lib(MSVCP140D.dll)
       msvcprtd.lib(MSVCP140D.dll)
       msvcprtd.lib(MSVCP140D.dll)
       msvcprtd.lib(MSVCP140D.dll)
       msvcprtd.lib(MSVCP140D.dll)
       msvcprtd.lib(syserror_import_lib.obj)
       msvcprtd.lib(locale0_implib.obj)
       msvcprtd.lib(filesystem.obj)
       MSVCRTD.lib(amdsecgs.obj)
       MSVCRTD.lib(chkstk.obj)
       MSVCRTD.lib(guard_dispatch.obj)
       MSVCRTD.lib(guard_xfg_dispatch.obj)
       MSVCRTD.lib(gs_cookie.obj)
       MSVCRTD.lib(gs_report.obj)
       MSVCRTD.lib(gs_support.obj)
       MSVCRTD.lib(debugger_jmc.obj)
       MSVCRTD.lib(guard_support.obj)
       MSVCRTD.lib(loadcfg.obj)
       MSVCRTD.lib(dyn_tls_dtor.obj)
       MSVCRTD.lib(dyn_tls_init.obj)
       MSVCRTD.lib(matherr_detection.obj)
       MSVCRTD.lib(ucrt_detection.obj)
       MSVCRTD.lib(cpu_disp.obj)
       MSVCRTD.lib(argv_mode.obj)
       MSVCRTD.lib(commit_mode.obj)
       MSVCRTD.lib(default_local_stdio_options.obj)
       MSVCRTD.lib(denormal_control.obj)
       MSVCRTD.lib(env_mode.obj)
       MSVCRTD.lib(file_mode.obj)
       MSVCRTD.lib(invalid_parameter_handler.obj)
       MSVCRTD.lib(matherr.obj)
       MSVCRTD.lib(new_mode.obj)
       MSVCRTD.lib(thread_locale.obj)
       MSVCRTD.lib(std_type_info_static.obj)
       MSVCRTD.lib(tncleanup.obj)
       MSVCRTD.lib(delete_array.obj)
       MSVCRTD.lib(delete_scalar.obj)
       MSVCRTD.lib(delete_scalar_size.obj)
       MSVCRTD.lib(new_array.obj)
       MSVCRTD.lib(new_scalar.obj)
       MSVCRTD.lib(throw_bad_alloc.obj)
       MSVCRTD.lib(exe_main.obj)
       MSVCRTD.lib(initializers.obj)
       MSVCRTD.lib(utility.obj)
       MSVCRTD.lib(ucrt_stubs.obj)
       MSVCRTD.lib(utility_desktop.obj)
       MSVCRTD.lib(error.obj)
       MSVCRTD.lib(init.obj)
       MSVCRTD.lib(initsect.obj)
       MSVCRTD.lib(pdblkup.obj)
       MSVCRTD.lib(stack.obj)
       MSVCRTD.lib(userapi.obj)
       MSVCRTD.lib(gshandler.obj)
       MSVCRTD.lib(gshandlereh4.obj)
       vcruntimed.lib(VCRUNTIME140_1D.dll)
       vcruntimed.lib(VCRUNTIME140_1D.dll)
       vcruntimed.lib(VCRUNTIME140_1D.dll)
       vcruntimed.lib(VCRUNTIME140D.dll)
       vcruntimed.lib(VCRUNTIME140D.dll)
       vcruntimed.lib(VCRUNTIME140D.dll)
       vcruntimed.lib(VCRUNTIME140D.dll)
       vcruntimed.lib(VCRUNTIME140D.dll)
       vcruntimed.lib(VCRUNTIME140D.dll)
       vcruntimed.lib(VCRUNTIME140D.dll)
       vcruntimed.lib(VCRUNTIME140D.dll)
       vcruntimed.lib(VCRUNTIME140D.dll)
       vcruntimed.lib(VCRUNTIME140D.dll)
       vcruntimed.lib(VCRUNTIME140D.dll)
       vcruntimed.lib(VCRUNTIME140D.dll)
       vcruntimed.lib(VCRUNTIME140D.dll)
       vcruntimed.lib(VCRUNTIME140D.dll)
       vcruntimed.lib(VCRUNTIME140D.dll)
       vcruntimed.lib(VCRUNTIME140D.dll)
       vcruntimed.lib(VCRUNTIME140D.dll)
       vcruntimed.lib(softmemtag.obj)
       ucrtd.lib(ucrtbased.dll)
       ucrtd.lib(ucrtbased.dll)
       ucrtd.lib(ucrtbased.dll)
       ucrtd.lib(ucrtbased.dll)
       ucrtd.lib(ucrtbased.dll)
       ucrtd.lib(ucrtbased.dll)
       ucrtd.lib(ucrtbased.dll)
       ucrtd.lib(ucrtbased.dll)
       ucrtd.lib(ucrtbased.dll)
       ucrtd.lib(ucrtbased.dll)
       ucrtd.lib(ucrtbased.dll)
       ucrtd.lib(ucrtbased.dll)
       ucrtd.lib(ucrtbased.dll)
       ucrtd.lib(ucrtbased.dll)
       ucrtd.lib(ucrtbased.dll)
       ucrtd.lib(ucrtbased.dll)
       ucrtd.lib(ucrtbased.dll)
       ucrtd.lib(ucrtbased.dll)
       ucrtd.lib(ucrtbased.dll)
       ucrtd.lib(ucrtbased.dll)
       ucrtd.lib(ucrtbased.dll)
       ucrtd.lib(ucrtbased.dll)
       ucrtd.lib(ucrtbased.dll)
       ucrtd.lib(ucrtbased.dll)
       ucrtd.lib(ucrtbased.dll)
       ucrtd.lib(ucrtbased.dll)
       ucrtd.lib(ucrtbased.dll)
       ucrtd.lib(ucrtbased.dll)
       ucrtd.lib(ucrtbased.dll)
       ucrtd.lib(ucrtbased.dll)
       ucrtd.lib(ucrtbased.dll)
       ucrtd.lib(ucrtbased.dll)
       ucrtd.lib(ucrtbased.dll)
       ucrtd.lib(ucrtbased.dll)
       ucrtd.lib(ucrtbased.dll)
       ucrtd.lib(ucrtbased.dll)
       ucrtd.lib(ucrtbased.dll)
       ucrtd.lib(ucrtbased.dll)
       ucrtd.lib(ucrtbased.dll)
       ucrtd.lib(ucrtbased.dll)
       ucrtd.lib(ucrtbased.dll)
       ucrtd.lib(ucrtbased.dll)
       ucrtd.lib(ucrtbased.dll)
       ucrtd.lib(ucrtbased.dll)
       ucrtd.lib(ucrtbased.dll)
       ucrtd.lib(ucrtbased.dll)
       ucrtd.lib(ucrtbased.dll)
       ucrtd.lib(ucrtbased.dll)
       ucrtd.lib(ucrtbased.dll)
       ucrtd.lib(ucrtbased.dll)
       ucrtd.lib(ucrtbased.dll)
       ucrtd.lib(ucrtbased.dll)
       ucrtd.lib(ucrtbased.dll)
       ucrtd.lib(ucrtbased.dll)
       ucrtd.lib(ucrtbased.dll)
       ucrtd.lib(ucrtbased.dll)
       ucrtd.lib(ucrtbased.dll)
       ucrtd.lib(ucrtbased.dll)
       ucrtd.lib(ucrtbased.dll)
  Finished pass 2
  MPQ Archiver.vcxproj -> D:\Games\hidden\VS\source\repos\MPQ (Un)Packer\x64\Debug\MPQ Archiver.exe
